2018-05-17 15:24:20.719 - INFO  c.a.boot.sofarpc.configuration.Slite2Configuration - Not find key com.antcloud.mw.access in Java -D argument, put value iPEpRiVpTYmcQhPCcv into System
2018-05-17 15:24:20.726 - INFO  c.a.boot.sofarpc.configuration.Slite2Configuration - Not find key com.antcloud.antvip.endpoint in Java -D argument, put value 100.100.0.90 into System
2018-05-17 15:24:20.727 - INFO  c.a.boot.sofarpc.configuration.Slite2Configuration - Not find key com.antcloud.mw.secret in Java -D argument, put value 1LXCh6aSuLny9Nj97bHIwyhPzLZnIUOe into System
2018-05-17 15:24:20.728 - INFO  c.a.boot.sofarpc.configuration.Slite2Configuration - Not find key com.alipay.env in Java -D argument, put value shared into System
2018-05-17 15:24:20.728 - INFO  c.a.boot.sofarpc.configuration.Slite2Configuration - Not find key com.alipay.instanceid in Java -D argument, put value 6X7QISWPLLCZ into System
2018-05-17 15:24:20.832 - INFO  com.alipay.sofa.common.log - Sofa-Middleware-Log SLF4J : Actual logging.path is [ ./logs ]
2018-05-17 15:24:20.852 - INFO  com.alipay.sofa.common.log - Sofa-Middleware-Log SLF4J : Actual binding is of type [ com.alipay.sofa.rest Logback ]
2018-05-17 15:24:20.895 - INFO  com.alipay.sofa.common.log - Sofa-Middleware-Log SLF4J : Actual binding is of type [ com.alipay.sofa.mq Logback ]
2018-05-17 15:24:21.113 - INFO  com.alipay.sofa.common.log - Sofa-Middleware-Log SLF4J : Actual binding is of type [ com.alipay.sofa.rpc Logback ]
2018-05-17 15:24:21.224 - INFO  org.hibernate.validator.internal.util.Version - HV000001: Hibernate Validator 5.2.4.Final
2018-05-17 15:24:25.000 - INFO  com.alipay.sofa.common.log - Sofa-Middleware-Log SLF4J : Actual binding is of type [ com.antcloud.antvip Logback ]
2018-05-17 15:25:25.911 - INFO  org.apache.catalina.core.StandardService - Starting service Tomcat
2018-05-17 15:25:25.913 - INFO  org.apache.catalina.core.StandardEngine - Starting Servlet Engine: Apache Tomcat/8.5.6
2018-05-17 15:25:26.167 - INFO  o.a.c.core.ContainerBase.[Tomcat].[localhost].[/] - Initializing Spring embedded WebApplicationContext
2018-05-17 15:25:28.745 - INFO  com.alipay.sofa.common.log - Sofa-Middleware-Log SLF4J : Actual binding is of type [ com.alipay.sofa.dsr Logback ]
2018-05-17 15:25:29.059 - INFO  org.apache.coyote.http11.Http11NioProtocol - Initializing ProtocolHandler ["http-nio-8099"]
2018-05-17 15:25:29.076 - INFO  org.apache.coyote.http11.Http11NioProtocol - Starting ProtocolHandler [http-nio-8099]
2018-05-17 15:25:29.077 - INFO  org.apache.tomcat.util.net.NioSelectorPool - Using a shared selector for servlet write/read
2018-05-17 15:27:30.518 - INFO  o.a.c.core.ContainerBase.[Tomcat].[localhost].[/] - Initializing Spring FrameworkServlet 'dispatcherServlet'
2018-05-17 15:28:37.217 - INFO  c.a.boot.sofarpc.configuration.Slite2Configuration - Not find key com.antcloud.mw.access in Java -D argument, put value iPEpRiVpTYmcQhPCcv into System
2018-05-17 15:28:37.234 - INFO  c.a.boot.sofarpc.configuration.Slite2Configuration - Not find key com.antcloud.antvip.endpoint in Java -D argument, put value 100.100.0.90 into System
2018-05-17 15:28:37.235 - INFO  c.a.boot.sofarpc.configuration.Slite2Configuration - Not find key com.antcloud.mw.secret in Java -D argument, put value 1LXCh6aSuLny9Nj97bHIwyhPzLZnIUOe into System
2018-05-17 15:28:37.235 - INFO  c.a.boot.sofarpc.configuration.Slite2Configuration - Not find key com.alipay.env in Java -D argument, put value shared into System
2018-05-17 15:28:37.236 - INFO  c.a.boot.sofarpc.configuration.Slite2Configuration - Not find key com.alipay.instanceid in Java -D argument, put value 6X7QISWPLLCZ into System
2018-05-17 15:28:37.293 - INFO  com.alipay.sofa.common.log - Sofa-Middleware-Log SLF4J : Actual logging.path is [ ./logs ]
2018-05-17 15:28:37.300 - INFO  com.alipay.sofa.common.log - Sofa-Middleware-Log SLF4J : Actual binding is of type [ com.alipay.sofa.rest Logback ]
2018-05-17 15:28:37.341 - INFO  com.alipay.sofa.common.log - Sofa-Middleware-Log SLF4J : Actual binding is of type [ com.alipay.sofa.mq Logback ]
2018-05-17 15:28:37.410 - INFO  com.alipay.sofa.common.log - Sofa-Middleware-Log SLF4J : Actual binding is of type [ com.alipay.sofa.rpc Logback ]
2018-05-17 15:28:37.926 - INFO  org.hibernate.validator.internal.util.Version - HV000001: Hibernate Validator 5.2.4.Final
2018-05-17 15:28:41.669 - INFO  com.alipay.sofa.common.log - Sofa-Middleware-Log SLF4J : Actual binding is of type [ com.antcloud.antvip Logback ]
2018-05-17 15:29:42.581 - INFO  org.apache.catalina.core.StandardService - Starting service Tomcat
2018-05-17 15:29:42.582 - INFO  org.apache.catalina.core.StandardEngine - Starting Servlet Engine: Apache Tomcat/8.5.6
2018-05-17 15:29:42.733 - INFO  o.a.c.core.ContainerBase.[Tomcat].[localhost].[/] - Initializing Spring embedded WebApplicationContext
2018-05-17 15:29:45.308 - INFO  com.alipay.sofa.common.log - Sofa-Middleware-Log SLF4J : Actual binding is of type [ com.alipay.sofa.dsr Logback ]
2018-05-17 15:29:45.481 - INFO  org.apache.coyote.http11.Http11NioProtocol - Initializing ProtocolHandler ["http-nio-8099"]
2018-05-17 15:29:45.495 - INFO  org.apache.coyote.http11.Http11NioProtocol - Starting ProtocolHandler [http-nio-8099]
2018-05-17 15:29:45.496 - INFO  org.apache.tomcat.util.net.NioSelectorPool - Using a shared selector for servlet write/read
2018-05-17 15:30:55.769 - INFO  o.a.c.core.ContainerBase.[Tomcat].[localhost].[/] - Initializing Spring FrameworkServlet 'dispatcherServlet'
2018-05-17 15:36:53.842 - INFO  c.a.boot.sofarpc.configuration.Slite2Configuration - Not find key com.antcloud.mw.access in Java -D argument, put value iPEpRiVpTYmcQhPCcv into System
2018-05-17 15:36:53.861 - INFO  c.a.boot.sofarpc.configuration.Slite2Configuration - Not find key com.antcloud.antvip.endpoint in Java -D argument, put value 100.100.0.90 into System
2018-05-17 15:36:53.861 - INFO  c.a.boot.sofarpc.configuration.Slite2Configuration - Not find key com.antcloud.mw.secret in Java -D argument, put value 1LXCh6aSuLny9Nj97bHIwyhPzLZnIUOe into System
2018-05-17 15:36:53.862 - INFO  c.a.boot.sofarpc.configuration.Slite2Configuration - Not find key com.alipay.env in Java -D argument, put value shared into System
2018-05-17 15:36:53.862 - INFO  c.a.boot.sofarpc.configuration.Slite2Configuration - Not find key com.alipay.instanceid in Java -D argument, put value 6X7QISWPLLCZ into System
2018-05-17 15:36:53.872 - INFO  com.alipay.sofa.common.log - Sofa-Middleware-Log SLF4J : Actual logging.path is [ ./logs ]
2018-05-17 15:36:53.882 - INFO  com.alipay.sofa.common.log - Sofa-Middleware-Log SLF4J : Actual binding is of type [ com.alipay.sofa.rest Logback ]
2018-05-17 15:36:53.915 - INFO  com.alipay.sofa.common.log - Sofa-Middleware-Log SLF4J : Actual binding is of type [ com.alipay.sofa.mq Logback ]
2018-05-17 15:36:53.985 - INFO  com.alipay.sofa.common.log - Sofa-Middleware-Log SLF4J : Actual binding is of type [ com.alipay.sofa.rpc Logback ]
2018-05-17 15:36:54.464 - INFO  org.hibernate.validator.internal.util.Version - HV000001: Hibernate Validator 5.2.4.Final
2018-05-17 15:36:58.294 - INFO  com.alipay.sofa.common.log - Sofa-Middleware-Log SLF4J : Actual binding is of type [ com.antcloud.antvip Logback ]
2018-05-17 15:37:59.240 - INFO  org.apache.catalina.core.StandardService - Starting service Tomcat
2018-05-17 15:37:59.241 - INFO  org.apache.catalina.core.StandardEngine - Starting Servlet Engine: Apache Tomcat/8.5.6
2018-05-17 15:37:59.375 - INFO  o.a.c.core.ContainerBase.[Tomcat].[localhost].[/] - Initializing Spring embedded WebApplicationContext
2018-05-17 15:38:01.929 - INFO  com.alipay.sofa.common.log - Sofa-Middleware-Log SLF4J : Actual binding is of type [ com.alipay.sofa.dsr Logback ]
2018-05-17 15:38:02.261 - INFO  org.apache.coyote.http11.Http11NioProtocol - Initializing ProtocolHandler ["http-nio-8099"]
2018-05-17 15:38:02.278 - INFO  org.apache.coyote.http11.Http11NioProtocol - Starting ProtocolHandler [http-nio-8099]
2018-05-17 15:38:02.279 - INFO  org.apache.tomcat.util.net.NioSelectorPool - Using a shared selector for servlet write/read
2018-05-17 15:44:56.585 - INFO  c.a.boot.sofarpc.configuration.Slite2Configuration - Not find key com.antcloud.mw.access in Java -D argument, put value iPEpRiVpTYmcQhPCcv into System
2018-05-17 15:44:56.593 - INFO  c.a.boot.sofarpc.configuration.Slite2Configuration - Not find key com.antcloud.antvip.endpoint in Java -D argument, put value 100.100.0.90 into System
2018-05-17 15:44:56.593 - INFO  c.a.boot.sofarpc.configuration.Slite2Configuration - Not find key com.antcloud.mw.secret in Java -D argument, put value 1LXCh6aSuLny9Nj97bHIwyhPzLZnIUOe into System
2018-05-17 15:44:56.594 - INFO  c.a.boot.sofarpc.configuration.Slite2Configuration - Not find key com.alipay.env in Java -D argument, put value shared into System
2018-05-17 15:44:56.595 - INFO  c.a.boot.sofarpc.configuration.Slite2Configuration - Not find key com.alipay.instanceid in Java -D argument, put value 6X7QISWPLLCZ into System
2018-05-17 15:44:56.608 - INFO  com.alipay.sofa.common.log - Sofa-Middleware-Log SLF4J : Actual logging.path is [ ./logs ]
2018-05-17 15:44:56.618 - INFO  com.alipay.sofa.common.log - Sofa-Middleware-Log SLF4J : Actual binding is of type [ com.alipay.sofa.rest Logback ]
2018-05-17 15:44:56.653 - INFO  com.alipay.sofa.common.log - Sofa-Middleware-Log SLF4J : Actual binding is of type [ com.alipay.sofa.mq Logback ]
2018-05-17 15:44:56.838 - INFO  com.alipay.sofa.common.log - Sofa-Middleware-Log SLF4J : Actual binding is of type [ com.alipay.sofa.rpc Logback ]
2018-05-17 15:44:56.919 - INFO  org.hibernate.validator.internal.util.Version - HV000001: Hibernate Validator 5.2.4.Final
2018-05-17 15:45:00.576 - INFO  com.alipay.sofa.common.log - Sofa-Middleware-Log SLF4J : Actual binding is of type [ com.antcloud.antvip Logback ]
2018-05-17 15:46:01.528 - INFO  org.apache.catalina.core.StandardService - Starting service Tomcat
2018-05-17 15:46:01.529 - INFO  org.apache.catalina.core.StandardEngine - Starting Servlet Engine: Apache Tomcat/8.5.6
2018-05-17 15:46:01.675 - INFO  o.a.c.core.ContainerBase.[Tomcat].[localhost].[/] - Initializing Spring embedded WebApplicationContext
2018-05-17 15:46:04.215 - INFO  com.alipay.sofa.common.log - Sofa-Middleware-Log SLF4J : Actual binding is of type [ com.alipay.sofa.dsr Logback ]
2018-05-17 15:46:04.583 - INFO  org.apache.coyote.http11.Http11NioProtocol - Initializing ProtocolHandler ["http-nio-8099"]
2018-05-17 15:46:04.599 - INFO  org.apache.coyote.http11.Http11NioProtocol - Starting ProtocolHandler [http-nio-8099]
2018-05-17 15:46:04.600 - INFO  org.apache.tomcat.util.net.NioSelectorPool - Using a shared selector for servlet write/read
2018-05-17 15:47:10.973 - INFO  o.a.c.core.ContainerBase.[Tomcat].[localhost].[/] - Initializing Spring FrameworkServlet 'dispatcherServlet'
2018-05-17 17:20:13.330 - INFO  c.a.boot.sofarpc.configuration.Slite2Configuration - Not find key com.antcloud.mw.access in Java -D argument, put value iPEpRiVpTYmcQhPCcv into System
2018-05-17 17:20:13.338 - INFO  c.a.boot.sofarpc.configuration.Slite2Configuration - Not find key com.antcloud.antvip.endpoint in Java -D argument, put value 100.100.0.90 into System
2018-05-17 17:20:13.338 - INFO  c.a.boot.sofarpc.configuration.Slite2Configuration - Not find key com.antcloud.mw.secret in Java -D argument, put value 1LXCh6aSuLny9Nj97bHIwyhPzLZnIUOe into System
2018-05-17 17:20:13.339 - INFO  c.a.boot.sofarpc.configuration.Slite2Configuration - Not find key com.alipay.env in Java -D argument, put value shared into System
2018-05-17 17:20:13.339 - INFO  c.a.boot.sofarpc.configuration.Slite2Configuration - Not find key com.alipay.instanceid in Java -D argument, put value 6X7QISWPLLCZ into System
2018-05-17 17:20:13.507 - INFO  com.alipay.sofa.common.log - Sofa-Middleware-Log SLF4J : Actual logging.path is [ ./logs ]
2018-05-17 17:20:13.516 - INFO  com.alipay.sofa.common.log - Sofa-Middleware-Log SLF4J : Actual binding is of type [ com.alipay.sofa.rest Logback ]
2018-05-17 17:20:13.814 - INFO  org.hibernate.validator.internal.util.Version - HV000001: Hibernate Validator 5.2.4.Final
2018-05-17 17:20:13.853 - INFO  com.alipay.sofa.common.log - Sofa-Middleware-Log SLF4J : Actual binding is of type [ com.alipay.sofa.mq Logback ]
2018-05-17 17:20:13.963 - INFO  com.alipay.sofa.common.log - Sofa-Middleware-Log SLF4J : Actual binding is of type [ com.alipay.sofa.rpc Logback ]
2018-05-17 17:20:17.646 - INFO  com.alipay.sofa.common.log - Sofa-Middleware-Log SLF4J : Actual binding is of type [ com.antcloud.antvip Logback ]
2018-05-17 17:21:18.563 - INFO  org.apache.catalina.core.StandardService - Starting service Tomcat
2018-05-17 17:21:18.565 - INFO  org.apache.catalina.core.StandardEngine - Starting Servlet Engine: Apache Tomcat/8.5.6
2018-05-17 17:21:18.710 - INFO  o.a.c.core.ContainerBase.[Tomcat].[localhost].[/] - Initializing Spring embedded WebApplicationContext
2018-05-17 17:21:21.278 - INFO  com.alipay.sofa.common.log - Sofa-Middleware-Log SLF4J : Actual binding is of type [ com.alipay.sofa.dsr Logback ]
2018-05-17 17:21:21.564 - INFO  org.apache.coyote.http11.Http11NioProtocol - Initializing ProtocolHandler ["http-nio-8099"]
2018-05-17 17:21:21.580 - INFO  org.apache.coyote.http11.Http11NioProtocol - Starting ProtocolHandler [http-nio-8099]
2018-05-17 17:21:21.581 - INFO  org.apache.tomcat.util.net.NioSelectorPool - Using a shared selector for servlet write/read
2018-05-17 17:25:30.734 - INFO  o.a.c.core.ContainerBase.[Tomcat].[localhost].[/] - Initializing Spring FrameworkServlet 'dispatcherServlet'
2018-05-17 17:37:26.968 - INFO  c.a.boot.sofarpc.configuration.Slite2Configuration - Not find key com.antcloud.mw.access in Java -D argument, put value iPEpRiVpTYmcQhPCcv into System
2018-05-17 17:37:26.974 - INFO  c.a.boot.sofarpc.configuration.Slite2Configuration - Not find key com.antcloud.antvip.endpoint in Java -D argument, put value 100.100.0.90 into System
2018-05-17 17:37:26.975 - INFO  c.a.boot.sofarpc.configuration.Slite2Configuration - Not find key com.antcloud.mw.secret in Java -D argument, put value 1LXCh6aSuLny9Nj97bHIwyhPzLZnIUOe into System
2018-05-17 17:37:26.975 - INFO  c.a.boot.sofarpc.configuration.Slite2Configuration - Not find key com.alipay.env in Java -D argument, put value shared into System
2018-05-17 17:37:26.976 - INFO  c.a.boot.sofarpc.configuration.Slite2Configuration - Not find key com.alipay.instanceid in Java -D argument, put value 6X7QISWPLLCZ into System
2018-05-17 17:37:26.986 - INFO  com.alipay.sofa.common.log - Sofa-Middleware-Log SLF4J : Actual logging.path is [ ./logs ]
2018-05-17 17:37:26.992 - INFO  com.alipay.sofa.common.log - Sofa-Middleware-Log SLF4J : Actual binding is of type [ com.alipay.sofa.rest Logback ]
2018-05-17 17:37:27.027 - INFO  com.alipay.sofa.common.log - Sofa-Middleware-Log SLF4J : Actual binding is of type [ com.alipay.sofa.mq Logback ]
2018-05-17 17:37:27.275 - INFO  com.alipay.sofa.common.log - Sofa-Middleware-Log SLF4J : Actual binding is of type [ com.alipay.sofa.rpc Logback ]
2018-05-17 17:37:27.678 - INFO  org.hibernate.validator.internal.util.Version - HV000001: Hibernate Validator 5.2.4.Final
2018-05-17 17:37:32.038 - INFO  com.alipay.sofa.common.log - Sofa-Middleware-Log SLF4J : Actual binding is of type [ com.antcloud.antvip Logback ]
2018-05-17 17:38:32.969 - INFO  org.apache.catalina.core.StandardService - Starting service Tomcat
2018-05-17 17:38:32.971 - INFO  org.apache.catalina.core.StandardEngine - Starting Servlet Engine: Apache Tomcat/8.5.6
2018-05-17 17:38:33.128 - INFO  o.a.c.core.ContainerBase.[Tomcat].[localhost].[/] - Initializing Spring embedded WebApplicationContext
2018-05-17 17:38:35.682 - INFO  com.alipay.sofa.common.log - Sofa-Middleware-Log SLF4J : Actual binding is of type [ com.alipay.sofa.dsr Logback ]
2018-05-17 17:38:36.155 - INFO  org.apache.coyote.http11.Http11NioProtocol - Initializing ProtocolHandler ["http-nio-8099"]
2018-05-17 17:38:36.172 - INFO  org.apache.coyote.http11.Http11NioProtocol - Starting ProtocolHandler [http-nio-8099]
2018-05-17 17:38:36.173 - INFO  org.apache.tomcat.util.net.NioSelectorPool - Using a shared selector for servlet write/read
2018-05-17 17:38:59.845 - INFO  o.a.c.core.ContainerBase.[Tomcat].[localhost].[/] - Initializing Spring FrameworkServlet 'dispatcherServlet'
