2018-04-10 15:49:41.575 [main] INFO  c.a.b.s.s.i.RestApplicationContextInitializer - Existed DSR com.alipay.instanceid = 6X7QISWPLLCZ
2018-04-10 15:49:41.580 [main] INFO  c.a.b.s.s.i.RestApplicationContextInitializer - Existed DSR com.alipay.env = shared
2018-04-10 15:49:41.580 [main] INFO  c.a.b.s.s.i.RestApplicationContextInitializer - Existed DSR com.antcloud.antvip.endpoint = 100.100.0.90
2018-04-10 15:49:41.580 [main] INFO  c.a.b.s.s.i.RestApplicationContextInitializer - sofa rest starting!
2018-04-10 15:50:20.714 [main] INFO  c.a.s.r.s.RestComponentsPropertyInjectProcessor - A rest provider is found . register it (commonContainerResponseFilter). 
2018-04-10 15:50:58.120 [main] INFO  com.alipay.sofa.rest.bootstrap.RestBootstrap - register rest resource(name:com.dzjk.ams.endpoint.action.account.AccountFacadeRestImpl)
2018-04-10 15:50:58.452 [main] INFO  c.a.s.r.s.RestComponentsPropertyInjectProcessor - A rest resource is found . register it (accountFacadeRest). 
2018-04-10 15:50:58.540 [main] INFO  com.alipay.sofa.rest.bootstrap.RestBootstrap - register rest resource(name:com.dzjk.ams.endpoint.action.DzjkRestFacadeRestImpl)
2018-04-10 15:50:58.552 [main] INFO  c.a.s.r.s.RestComponentsPropertyInjectProcessor - A rest resource is found . register it (dzjkRestFacade). 
2018-04-10 15:50:58.561 [main] INFO  com.alipay.sofa.rest.bootstrap.RestBootstrap - register rest resource(name:com.dzjk.ams.endpoint.action.MqRestFacadeImpl)
2018-04-10 15:50:58.570 [main] INFO  c.a.s.r.s.RestComponentsPropertyInjectProcessor - A rest resource is found . register it (mqRestFacade). 
2018-04-10 15:51:21.292 [main] INFO  com.alipay.sofa.rest.bootstrap.RestBootstrap - register rest resource(name:com.dzjk.ams.endpoint.action.SampleRestFacadeRestImpl)
2018-04-10 15:51:21.311 [main] INFO  c.a.s.r.s.RestComponentsPropertyInjectProcessor - A rest resource is found . register it (sampleRestFacadeRest). 
2018-04-10 15:51:21.316 [main] INFO  com.alipay.sofa.rest.bootstrap.RestBootstrap - register rest resource(name:com.dzjk.ams.endpoint.action.FaviconRestFacadeRestImpl)
2018-04-10 15:51:21.320 [main] INFO  c.a.s.r.s.RestComponentsPropertyInjectProcessor - A rest resource is found . register it (faviconRestFacadeRest). 
2018-04-10 15:51:25.706 [main] INFO  com.alipay.sofa.rest.bootstrap.RestBootstrap - ClientConfig{connections=10, connectTimeout=-1, socketTimeout=-1, threadPoolSize=10, retries=0}
2018-04-10 15:51:26.098 [main] INFO  com.alipay.sofa.rest.bootstrap.RestBootstrap -  rest client started.
2018-04-10 15:51:27.349 [main] INFO  c.a.sofa.rest.server.netty.SofaRestNettyServer - server connector works,Connector{port=8341, hostname='null',maxRequestSize =10485760, isKeepAlive=true, exposed=true, sslContext=null}. Configured min.pool.size=100,max.pool.size=200,queue.pool.size=500,prestart=false
2018-04-10 15:51:27.401 [main] INFO  com.alipay.sofa.rest.bootstrap.RestBootstrap -  rest server is started.
2018-04-10 15:51:27.402 [main] INFO  c.a.sofa.rest.spring.support.RestComponentsLog - 
====== rest resources and providers ======
providers:
  class org.jboss.resteasy.plugins.providers.ServerFormUrlEncodedProvider
  class CommonContainerResponseFilter

resources:
  name:dzjkRestFacade,class com.dzjk.ams.endpoint.action.DzjkRestFacadeRestImpl
  name:faviconRestFacadeRest,class com.dzjk.ams.endpoint.action.FaviconRestFacadeRestImpl
  name:sampleRestFacadeRest,class com.dzjk.ams.endpoint.action.SampleRestFacadeRestImpl
  name:accountFacadeRest,class com.dzjk.ams.endpoint.action.account.AccountFacadeRestImpl
  name:mqRestFacade,class com.dzjk.ams.endpoint.action.MqRestFacadeImpl

2018-04-10 15:51:27.402 [main] INFO  com.alipay.sofa.rest.bootstrap.RestBootstrap - sofa rest started.
