2018-08-10 10:01:45,230 INFO  main                             com.alipay.sofa.rpc.context.RpcRuntimeContext - Welcome! Loading SOFA RPC Framework : 5.2.0_20171110122000, PID is:11008
2018-08-10 10:01:45,271 WARN  main                             com.alipay.sofa.rpc.ext.ExtensionLoader - Failed to load extension of extensible com.alipay.sofa.rpc.bootstrap.ProviderBootstrap from file:jar:file:/E:/work/repo/com/alipay/sofa/sofa-rpc-all/5.2.0/sofa-rpc-all-5.2.0.jar!/META-INF/services/sofa-rpc/com.alipay.sofa.rpc.bootstrap.ProviderBootstrap
java.lang.IllegalStateException: Error when load extension of extensible class com.alipay.sofa.rpc.bootstrap.ProviderBootstrap from file:jar:file:/E:/work/repo/com/alipay/sofa/sofa-rpc-all/5.2.0/sofa-rpc-all-5.2.0.jar!/META-INF/services/sofa-rpc/com.alipay.sofa.rpc.bootstrap.ProviderBootstrap, Duplicate class with same alias: bolt, class com.alipay.sofa.rpc.bootstrap.bolt.BoltProviderBootstrap and class com.alipay.sofa.rpc.bootstrap.bolt.BoltProviderBootstrap
	at com.alipay.sofa.rpc.ext.ExtensionLoader.readLine(ExtensionLoader.java:291)
	at com.alipay.sofa.rpc.ext.ExtensionLoader.loadFromFile(ExtensionLoader.java:178)
	at com.alipay.sofa.rpc.ext.ExtensionLoader.<init>(ExtensionLoader.java:146)
	at com.alipay.sofa.rpc.ext.ExtensionLoader.<init>(ExtensionLoader.java:96)
	at com.alipay.sofa.rpc.ext.ExtensionLoaderFactory.getExtensionLoader(ExtensionLoaderFactory.java:40)
	at com.alipay.sofa.rpc.ext.ExtensionLoaderFactory.getExtensionLoader(ExtensionLoaderFactory.java:49)
	at com.alipay.sofa.rpc.bootstrap.Bootstraps.<clinit>(Bootstraps.java:40)
	at com.alipay.sofa.rpc.config.ConsumerConfig.refer(ConsumerConfig.java:929)
	at com.alipay.boot.sofarpc.spring.factory.Slite2ReferenceFactoryBean.doAfterPropertiesSet(Slite2ReferenceFactoryBean.java:98)
	at com.alipay.boot.sofarpc.spring.base.Slite2AbstractContractFactoryBean.afterPropertiesSet(Slite2AbstractContractFactoryBean.java:111)
	at org.springframework.beans.factory.support.AbstractAutowireCapableBeanFactory.invokeInitMethods(AbstractAutowireCapableBeanFactory.java:1648)
	at org.springframework.beans.factory.support.AbstractAutowireCapableBeanFactory.initializeBean(AbstractAutowireCapableBeanFactory.java:1585)
	at org.springframework.beans.factory.support.AbstractAutowireCapableBeanFactory.doCreateBean(AbstractAutowireCapableBeanFactory.java:554)
	at org.springframework.beans.factory.support.AbstractAutowireCapableBeanFactory.createBean(AbstractAutowireCapableBeanFactory.java:483)
	at org.springframework.beans.factory.support.AbstractBeanFactory$1.getObject(AbstractBeanFactory.java:306)
	at org.springframework.beans.factory.support.DefaultSingletonBeanRegistry.getSingleton(DefaultSingletonBeanRegistry.java:230)
	at org.springframework.beans.factory.support.AbstractBeanFactory.doGetBean(AbstractBeanFactory.java:302)
	at org.springframework.beans.factory.support.AbstractBeanFactory.getTypeForFactoryBean(AbstractBeanFactory.java:1500)
	at org.springframework.beans.factory.support.AbstractAutowireCapableBeanFactory.getTypeForFactoryBean(AbstractAutowireCapableBeanFactory.java:826)
	at org.springframework.beans.factory.support.AbstractBeanFactory.isTypeMatch(AbstractBeanFactory.java:547)
	at org.springframework.beans.factory.support.DefaultListableBeanFactory.doGetBeanNamesForType(DefaultListableBeanFactory.java:430)
	at org.springframework.beans.factory.support.DefaultListableBeanFactory.getBeanNamesForType(DefaultListableBeanFactory.java:395)
	at org.springframework.beans.factory.BeanFactoryUtils.beanNamesForTypeIncludingAncestors(BeanFactoryUtils.java:220)
	at org.springframework.beans.factory.support.DefaultListableBeanFactory.findAutowireCandidates(DefaultListableBeanFactory.java:1248)
	at org.springframework.beans.factory.support.DefaultListableBeanFactory.doResolveDependency(DefaultListableBeanFactory.java:1099)
	at org.springframework.beans.factory.support.DefaultListableBeanFactory.resolveDependency(DefaultListableBeanFactory.java:1064)
	at org.springframework.beans.factory.annotation.AutowiredAnnotationBeanPostProcessor$AutowiredFieldElement.inject(AutowiredAnnotationBeanPostProcessor.java:585)
	at org.springframework.beans.factory.annotation.InjectionMetadata.inject(InjectionMetadata.java:88)
	at org.springframework.beans.factory.annotation.AutowiredAnnotationBeanPostProcessor.postProcessPropertyValues(AutowiredAnnotationBeanPostProcessor.java:366)
	at org.springframework.beans.factory.support.AbstractAutowireCapableBeanFactory.populateBean(AbstractAutowireCapableBeanFactory.java:1225)
	at org.springframework.beans.factory.support.AbstractAutowireCapableBeanFactory.doCreateBean(AbstractAutowireCapableBeanFactory.java:552)
	at org.springframework.beans.factory.support.AbstractAutowireCapableBeanFactory.createBean(AbstractAutowireCapableBeanFactory.java:483)
	at org.springframework.beans.factory.support.AbstractBeanFactory$1.getObject(AbstractBeanFactory.java:306)
	at org.springframework.beans.factory.support.DefaultSingletonBeanRegistry.getSingleton(DefaultSingletonBeanRegistry.java:230)
	at org.springframework.beans.factory.support.AbstractBeanFactory.doGetBean(AbstractBeanFactory.java:302)
	at org.springframework.beans.factory.support.AbstractBeanFactory.getBean(AbstractBeanFactory.java:202)
	at org.springframework.context.support.PostProcessorRegistrationDelegate.registerBeanPostProcessors(PostProcessorRegistrationDelegate.java:223)
	at org.springframework.context.support.AbstractApplicationContext.registerBeanPostProcessors(AbstractApplicationContext.java:702)
	at org.springframework.context.support.AbstractApplicationContext.refresh(AbstractApplicationContext.java:527)
	at org.springframework.boot.context.embedded.EmbeddedWebApplicationContext.refresh(EmbeddedWebApplicationContext.java:122)
	at org.springframework.boot.SpringApplication.refresh(SpringApplication.java:761)
	at org.springframework.boot.SpringApplication.refreshContext(SpringApplication.java:371)
	at org.springframework.boot.SpringApplication.run(SpringApplication.java:315)
	at com.dzjk.qzgw.web.Slite2WebSpringBootApplication.main(Slite2WebSpringBootApplication.java:20)
2018-08-10 10:01:45,273 WARN  main                             com.alipay.sofa.rpc.ext.ExtensionLoader - Failed to load extension of extensible com.alipay.sofa.rpc.bootstrap.ConsumerBootstrap from file:jar:file:/E:/work/repo/com/alipay/sofa/sofa-rpc-all/5.2.0/sofa-rpc-all-5.2.0.jar!/META-INF/services/sofa-rpc/com.alipay.sofa.rpc.bootstrap.ConsumerBootstrap
java.lang.IllegalStateException: Error when load extension of extensible class com.alipay.sofa.rpc.bootstrap.ConsumerBootstrap from file:jar:file:/E:/work/repo/com/alipay/sofa/sofa-rpc-all/5.2.0/sofa-rpc-all-5.2.0.jar!/META-INF/services/sofa-rpc/com.alipay.sofa.rpc.bootstrap.ConsumerBootstrap, Duplicate class with same alias: bolt, class com.alipay.sofa.rpc.bootstrap.bolt.BoltConsumerBootstrap and class com.alipay.sofa.rpc.bootstrap.bolt.BoltConsumerBootstrap
	at com.alipay.sofa.rpc.ext.ExtensionLoader.readLine(ExtensionLoader.java:291)
	at com.alipay.sofa.rpc.ext.ExtensionLoader.loadFromFile(ExtensionLoader.java:178)
	at com.alipay.sofa.rpc.ext.ExtensionLoader.<init>(ExtensionLoader.java:146)
	at com.alipay.sofa.rpc.ext.ExtensionLoader.<init>(ExtensionLoader.java:96)
	at com.alipay.sofa.rpc.ext.ExtensionLoaderFactory.getExtensionLoader(ExtensionLoaderFactory.java:40)
	at com.alipay.sofa.rpc.ext.ExtensionLoaderFactory.getExtensionLoader(ExtensionLoaderFactory.java:49)
	at com.alipay.sofa.rpc.bootstrap.Bootstraps.<clinit>(Bootstraps.java:45)
	at com.alipay.sofa.rpc.config.ConsumerConfig.refer(ConsumerConfig.java:929)
	at com.alipay.boot.sofarpc.spring.factory.Slite2ReferenceFactoryBean.doAfterPropertiesSet(Slite2ReferenceFactoryBean.java:98)
	at com.alipay.boot.sofarpc.spring.base.Slite2AbstractContractFactoryBean.afterPropertiesSet(Slite2AbstractContractFactoryBean.java:111)
	at org.springframework.beans.factory.support.AbstractAutowireCapableBeanFactory.invokeInitMethods(AbstractAutowireCapableBeanFactory.java:1648)
	at org.springframework.beans.factory.support.AbstractAutowireCapableBeanFactory.initializeBean(AbstractAutowireCapableBeanFactory.java:1585)
	at org.springframework.beans.factory.support.AbstractAutowireCapableBeanFactory.doCreateBean(AbstractAutowireCapableBeanFactory.java:554)
	at org.springframework.beans.factory.support.AbstractAutowireCapableBeanFactory.createBean(AbstractAutowireCapableBeanFactory.java:483)
	at org.springframework.beans.factory.support.AbstractBeanFactory$1.getObject(AbstractBeanFactory.java:306)
	at org.springframework.beans.factory.support.DefaultSingletonBeanRegistry.getSingleton(DefaultSingletonBeanRegistry.java:230)
	at org.springframework.beans.factory.support.AbstractBeanFactory.doGetBean(AbstractBeanFactory.java:302)
	at org.springframework.beans.factory.support.AbstractBeanFactory.getTypeForFactoryBean(AbstractBeanFactory.java:1500)
	at org.springframework.beans.factory.support.AbstractAutowireCapableBeanFactory.getTypeForFactoryBean(AbstractAutowireCapableBeanFactory.java:826)
	at org.springframework.beans.factory.support.AbstractBeanFactory.isTypeMatch(AbstractBeanFactory.java:547)
	at org.springframework.beans.factory.support.DefaultListableBeanFactory.doGetBeanNamesForType(DefaultListableBeanFactory.java:430)
	at org.springframework.beans.factory.support.DefaultListableBeanFactory.getBeanNamesForType(DefaultListableBeanFactory.java:395)
	at org.springframework.beans.factory.BeanFactoryUtils.beanNamesForTypeIncludingAncestors(BeanFactoryUtils.java:220)
	at org.springframework.beans.factory.support.DefaultListableBeanFactory.findAutowireCandidates(DefaultListableBeanFactory.java:1248)
	at org.springframework.beans.factory.support.DefaultListableBeanFactory.doResolveDependency(DefaultListableBeanFactory.java:1099)
	at org.springframework.beans.factory.support.DefaultListableBeanFactory.resolveDependency(DefaultListableBeanFactory.java:1064)
	at org.springframework.beans.factory.annotation.AutowiredAnnotationBeanPostProcessor$AutowiredFieldElement.inject(AutowiredAnnotationBeanPostProcessor.java:585)
	at org.springframework.beans.factory.annotation.InjectionMetadata.inject(InjectionMetadata.java:88)
	at org.springframework.beans.factory.annotation.AutowiredAnnotationBeanPostProcessor.postProcessPropertyValues(AutowiredAnnotationBeanPostProcessor.java:366)
	at org.springframework.beans.factory.support.AbstractAutowireCapableBeanFactory.populateBean(AbstractAutowireCapableBeanFactory.java:1225)
	at org.springframework.beans.factory.support.AbstractAutowireCapableBeanFactory.doCreateBean(AbstractAutowireCapableBeanFactory.java:552)
	at org.springframework.beans.factory.support.AbstractAutowireCapableBeanFactory.createBean(AbstractAutowireCapableBeanFactory.java:483)
	at org.springframework.beans.factory.support.AbstractBeanFactory$1.getObject(AbstractBeanFactory.java:306)
	at org.springframework.beans.factory.support.DefaultSingletonBeanRegistry.getSingleton(DefaultSingletonBeanRegistry.java:230)
	at org.springframework.beans.factory.support.AbstractBeanFactory.doGetBean(AbstractBeanFactory.java:302)
	at org.springframework.beans.factory.support.AbstractBeanFactory.getBean(AbstractBeanFactory.java:202)
	at org.springframework.context.support.PostProcessorRegistrationDelegate.registerBeanPostProcessors(PostProcessorRegistrationDelegate.java:223)
	at org.springframework.context.support.AbstractApplicationContext.registerBeanPostProcessors(AbstractApplicationContext.java:702)
	at org.springframework.context.support.AbstractApplicationContext.refresh(AbstractApplicationContext.java:527)
	at org.springframework.boot.context.embedded.EmbeddedWebApplicationContext.refresh(EmbeddedWebApplicationContext.java:122)
	at org.springframework.boot.SpringApplication.refresh(SpringApplication.java:761)
	at org.springframework.boot.SpringApplication.refreshContext(SpringApplication.java:371)
	at org.springframework.boot.SpringApplication.run(SpringApplication.java:315)
	at com.dzjk.qzgw.web.Slite2WebSpringBootApplication.main(Slite2WebSpringBootApplication.java:20)
2018-08-10 10:01:45,277 INFO  main                             com.alipay.sofa.rpc.bootstrap.bolt.BoltConsumerBootstrap - Refer consumer config : bolt://com.mike.leex.facade.api.ApiFacadeService: with bean id apiFacadeService
2018-08-10 10:01:45,289 WARN  main                             com.alipay.sofa.rpc.ext.ExtensionLoader - Failed to load extension of extensible com.alipay.sofa.rpc.client.Cluster from file:jar:file:/E:/work/repo/com/alipay/sofa/sofa-rpc-all/5.2.0/sofa-rpc-all-5.2.0.jar!/META-INF/services/sofa-rpc/com.alipay.sofa.rpc.client.Cluster
java.lang.IllegalStateException: Error when load extension of extensible class com.alipay.sofa.rpc.client.Cluster from file:jar:file:/E:/work/repo/com/alipay/sofa/sofa-rpc-all/5.2.0/sofa-rpc-all-5.2.0.jar!/META-INF/services/sofa-rpc/com.alipay.sofa.rpc.client.Cluster, Duplicate class with same alias: failfast, class com.alipay.sofa.rpc.client.FailFastCluster and class com.alipay.sofa.rpc.client.FailFastCluster
	at com.alipay.sofa.rpc.ext.ExtensionLoader.readLine(ExtensionLoader.java:291)
	at com.alipay.sofa.rpc.ext.ExtensionLoader.loadFromFile(ExtensionLoader.java:178)
	at com.alipay.sofa.rpc.ext.ExtensionLoader.<init>(ExtensionLoader.java:146)
	at com.alipay.sofa.rpc.ext.ExtensionLoader.<init>(ExtensionLoader.java:96)
	at com.alipay.sofa.rpc.ext.ExtensionLoaderFactory.getExtensionLoader(ExtensionLoaderFactory.java:40)
	at com.alipay.sofa.rpc.ext.ExtensionLoaderFactory.getExtensionLoader(ExtensionLoaderFactory.java:49)
	at com.alipay.sofa.rpc.client.ClusterFactory.<clinit>(ClusterFactory.java:41)
	at com.alipay.sofa.rpc.bootstrap.bolt.BoltConsumerBootstrap.refer(BoltConsumerBootstrap.java:153)
	at com.alipay.sofa.rpc.config.ConsumerConfig.refer(ConsumerConfig.java:931)
	at com.alipay.boot.sofarpc.spring.factory.Slite2ReferenceFactoryBean.doAfterPropertiesSet(Slite2ReferenceFactoryBean.java:98)
	at com.alipay.boot.sofarpc.spring.base.Slite2AbstractContractFactoryBean.afterPropertiesSet(Slite2AbstractContractFactoryBean.java:111)
	at org.springframework.beans.factory.support.AbstractAutowireCapableBeanFactory.invokeInitMethods(AbstractAutowireCapableBeanFactory.java:1648)
	at org.springframework.beans.factory.support.AbstractAutowireCapableBeanFactory.initializeBean(AbstractAutowireCapableBeanFactory.java:1585)
	at org.springframework.beans.factory.support.AbstractAutowireCapableBeanFactory.doCreateBean(AbstractAutowireCapableBeanFactory.java:554)
	at org.springframework.beans.factory.support.AbstractAutowireCapableBeanFactory.createBean(AbstractAutowireCapableBeanFactory.java:483)
	at org.springframework.beans.factory.support.AbstractBeanFactory$1.getObject(AbstractBeanFactory.java:306)
	at org.springframework.beans.factory.support.DefaultSingletonBeanRegistry.getSingleton(DefaultSingletonBeanRegistry.java:230)
	at org.springframework.beans.factory.support.AbstractBeanFactory.doGetBean(AbstractBeanFactory.java:302)
	at org.springframework.beans.factory.support.AbstractBeanFactory.getTypeForFactoryBean(AbstractBeanFactory.java:1500)
	at org.springframework.beans.factory.support.AbstractAutowireCapableBeanFactory.getTypeForFactoryBean(AbstractAutowireCapableBeanFactory.java:826)
	at org.springframework.beans.factory.support.AbstractBeanFactory.isTypeMatch(AbstractBeanFactory.java:547)
	at org.springframework.beans.factory.support.DefaultListableBeanFactory.doGetBeanNamesForType(DefaultListableBeanFactory.java:430)
	at org.springframework.beans.factory.support.DefaultListableBeanFactory.getBeanNamesForType(DefaultListableBeanFactory.java:395)
	at org.springframework.beans.factory.BeanFactoryUtils.beanNamesForTypeIncludingAncestors(BeanFactoryUtils.java:220)
	at org.springframework.beans.factory.support.DefaultListableBeanFactory.findAutowireCandidates(DefaultListableBeanFactory.java:1248)
	at org.springframework.beans.factory.support.DefaultListableBeanFactory.doResolveDependency(DefaultListableBeanFactory.java:1099)
	at org.springframework.beans.factory.support.DefaultListableBeanFactory.resolveDependency(DefaultListableBeanFactory.java:1064)
	at org.springframework.beans.factory.annotation.AutowiredAnnotationBeanPostProcessor$AutowiredFieldElement.inject(AutowiredAnnotationBeanPostProcessor.java:585)
	at org.springframework.beans.factory.annotation.InjectionMetadata.inject(InjectionMetadata.java:88)
	at org.springframework.beans.factory.annotation.AutowiredAnnotationBeanPostProcessor.postProcessPropertyValues(AutowiredAnnotationBeanPostProcessor.java:366)
	at org.springframework.beans.factory.support.AbstractAutowireCapableBeanFactory.populateBean(AbstractAutowireCapableBeanFactory.java:1225)
	at org.springframework.beans.factory.support.AbstractAutowireCapableBeanFactory.doCreateBean(AbstractAutowireCapableBeanFactory.java:552)
	at org.springframework.beans.factory.support.AbstractAutowireCapableBeanFactory.createBean(AbstractAutowireCapableBeanFactory.java:483)
	at org.springframework.beans.factory.support.AbstractBeanFactory$1.getObject(AbstractBeanFactory.java:306)
	at org.springframework.beans.factory.support.DefaultSingletonBeanRegistry.getSingleton(DefaultSingletonBeanRegistry.java:230)
	at org.springframework.beans.factory.support.AbstractBeanFactory.doGetBean(AbstractBeanFactory.java:302)
	at org.springframework.beans.factory.support.AbstractBeanFactory.getBean(AbstractBeanFactory.java:202)
	at org.springframework.context.support.PostProcessorRegistrationDelegate.registerBeanPostProcessors(PostProcessorRegistrationDelegate.java:223)
	at org.springframework.context.support.AbstractApplicationContext.registerBeanPostProcessors(AbstractApplicationContext.java:702)
	at org.springframework.context.support.AbstractApplicationContext.refresh(AbstractApplicationContext.java:527)
	at org.springframework.boot.context.embedded.EmbeddedWebApplicationContext.refresh(EmbeddedWebApplicationContext.java:122)
	at org.springframework.boot.SpringApplication.refresh(SpringApplication.java:761)
	at org.springframework.boot.SpringApplication.refreshContext(SpringApplication.java:371)
	at org.springframework.boot.SpringApplication.run(SpringApplication.java:315)
	at com.dzjk.qzgw.web.Slite2WebSpringBootApplication.main(Slite2WebSpringBootApplication.java:20)
2018-08-10 10:01:45,300 WARN  main                             com.alipay.sofa.rpc.ext.ExtensionLoader - Failed to load extension of extensible com.alipay.sofa.rpc.client.Router from file:jar:file:/E:/work/repo/com/alipay/sofa/sofa-rpc-all/5.2.0/sofa-rpc-all-5.2.0.jar!/META-INF/services/sofa-rpc/com.alipay.sofa.rpc.client.Router
java.lang.IllegalStateException: Error when load extension of extensible class com.alipay.sofa.rpc.client.Router from file:jar:file:/E:/work/repo/com/alipay/sofa/sofa-rpc-all/5.2.0/sofa-rpc-all-5.2.0.jar!/META-INF/services/sofa-rpc/com.alipay.sofa.rpc.client.Router, Duplicate class with same alias: directUrl, class com.alipay.sofa.rpc.client.router.DirectUrlRouter and class com.alipay.sofa.rpc.client.router.DirectUrlRouter
	at com.alipay.sofa.rpc.ext.ExtensionLoader.readLine(ExtensionLoader.java:291)
	at com.alipay.sofa.rpc.ext.ExtensionLoader.loadFromFile(ExtensionLoader.java:178)
	at com.alipay.sofa.rpc.ext.ExtensionLoader.<init>(ExtensionLoader.java:146)
	at com.alipay.sofa.rpc.ext.ExtensionLoader.<init>(ExtensionLoader.java:96)
	at com.alipay.sofa.rpc.ext.ExtensionLoaderFactory.getExtensionLoader(ExtensionLoaderFactory.java:40)
	at com.alipay.sofa.rpc.client.RouterChain.buildLoader(RouterChain.java:76)
	at com.alipay.sofa.rpc.client.RouterChain.<clinit>(RouterChain.java:73)
	at com.alipay.sofa.rpc.client.AbstractCluster.init(AbstractCluster.java:123)
	at com.alipay.sofa.rpc.bootstrap.bolt.BoltConsumerBootstrap.refer(BoltConsumerBootstrap.java:154)
	at com.alipay.sofa.rpc.config.ConsumerConfig.refer(ConsumerConfig.java:931)
	at com.alipay.boot.sofarpc.spring.factory.Slite2ReferenceFactoryBean.doAfterPropertiesSet(Slite2ReferenceFactoryBean.java:98)
	at com.alipay.boot.sofarpc.spring.base.Slite2AbstractContractFactoryBean.afterPropertiesSet(Slite2AbstractContractFactoryBean.java:111)
	at org.springframework.beans.factory.support.AbstractAutowireCapableBeanFactory.invokeInitMethods(AbstractAutowireCapableBeanFactory.java:1648)
	at org.springframework.beans.factory.support.AbstractAutowireCapableBeanFactory.initializeBean(AbstractAutowireCapableBeanFactory.java:1585)
	at org.springframework.beans.factory.support.AbstractAutowireCapableBeanFactory.doCreateBean(AbstractAutowireCapableBeanFactory.java:554)
	at org.springframework.beans.factory.support.AbstractAutowireCapableBeanFactory.createBean(AbstractAutowireCapableBeanFactory.java:483)
	at org.springframework.beans.factory.support.AbstractBeanFactory$1.getObject(AbstractBeanFactory.java:306)
	at org.springframework.beans.factory.support.DefaultSingletonBeanRegistry.getSingleton(DefaultSingletonBeanRegistry.java:230)
	at org.springframework.beans.factory.support.AbstractBeanFactory.doGetBean(AbstractBeanFactory.java:302)
	at org.springframework.beans.factory.support.AbstractBeanFactory.getTypeForFactoryBean(AbstractBeanFactory.java:1500)
	at org.springframework.beans.factory.support.AbstractAutowireCapableBeanFactory.getTypeForFactoryBean(AbstractAutowireCapableBeanFactory.java:826)
	at org.springframework.beans.factory.support.AbstractBeanFactory.isTypeMatch(AbstractBeanFactory.java:547)
	at org.springframework.beans.factory.support.DefaultListableBeanFactory.doGetBeanNamesForType(DefaultListableBeanFactory.java:430)
	at org.springframework.beans.factory.support.DefaultListableBeanFactory.getBeanNamesForType(DefaultListableBeanFactory.java:395)
	at org.springframework.beans.factory.BeanFactoryUtils.beanNamesForTypeIncludingAncestors(BeanFactoryUtils.java:220)
	at org.springframework.beans.factory.support.DefaultListableBeanFactory.findAutowireCandidates(DefaultListableBeanFactory.java:1248)
	at org.springframework.beans.factory.support.DefaultListableBeanFactory.doResolveDependency(DefaultListableBeanFactory.java:1099)
	at org.springframework.beans.factory.support.DefaultListableBeanFactory.resolveDependency(DefaultListableBeanFactory.java:1064)
	at org.springframework.beans.factory.annotation.AutowiredAnnotationBeanPostProcessor$AutowiredFieldElement.inject(AutowiredAnnotationBeanPostProcessor.java:585)
	at org.springframework.beans.factory.annotation.InjectionMetadata.inject(InjectionMetadata.java:88)
	at org.springframework.beans.factory.annotation.AutowiredAnnotationBeanPostProcessor.postProcessPropertyValues(AutowiredAnnotationBeanPostProcessor.java:366)
	at org.springframework.beans.factory.support.AbstractAutowireCapableBeanFactory.populateBean(AbstractAutowireCapableBeanFactory.java:1225)
	at org.springframework.beans.factory.support.AbstractAutowireCapableBeanFactory.doCreateBean(AbstractAutowireCapableBeanFactory.java:552)
	at org.springframework.beans.factory.support.AbstractAutowireCapableBeanFactory.createBean(AbstractAutowireCapableBeanFactory.java:483)
	at org.springframework.beans.factory.support.AbstractBeanFactory$1.getObject(AbstractBeanFactory.java:306)
	at org.springframework.beans.factory.support.DefaultSingletonBeanRegistry.getSingleton(DefaultSingletonBeanRegistry.java:230)
	at org.springframework.beans.factory.support.AbstractBeanFactory.doGetBean(AbstractBeanFactory.java:302)
	at org.springframework.beans.factory.support.AbstractBeanFactory.getBean(AbstractBeanFactory.java:202)
	at org.springframework.context.support.PostProcessorRegistrationDelegate.registerBeanPostProcessors(PostProcessorRegistrationDelegate.java:223)
	at org.springframework.context.support.AbstractApplicationContext.registerBeanPostProcessors(AbstractApplicationContext.java:702)
	at org.springframework.context.support.AbstractApplicationContext.refresh(AbstractApplicationContext.java:527)
	at org.springframework.boot.context.embedded.EmbeddedWebApplicationContext.refresh(EmbeddedWebApplicationContext.java:122)
	at org.springframework.boot.SpringApplication.refresh(SpringApplication.java:761)
	at org.springframework.boot.SpringApplication.refreshContext(SpringApplication.java:371)
	at org.springframework.boot.SpringApplication.run(SpringApplication.java:315)
	at com.dzjk.qzgw.web.Slite2WebSpringBootApplication.main(Slite2WebSpringBootApplication.java:20)
2018-08-10 10:01:45,310 WARN  main                             com.alipay.sofa.rpc.ext.ExtensionLoader - Failed to load extension of extensible com.alipay.sofa.rpc.client.LoadBalancer from file:jar:file:/E:/work/repo/com/alipay/sofa/sofa-rpc-all/5.2.0/sofa-rpc-all-5.2.0.jar!/META-INF/services/sofa-rpc/com.alipay.sofa.rpc.client.LoadBalancer
java.lang.IllegalStateException: Error when load extension of extensible class com.alipay.sofa.rpc.client.LoadBalancer from file:jar:file:/E:/work/repo/com/alipay/sofa/sofa-rpc-all/5.2.0/sofa-rpc-all-5.2.0.jar!/META-INF/services/sofa-rpc/com.alipay.sofa.rpc.client.LoadBalancer, Duplicate class with same alias: consistentHash, class com.alipay.sofa.rpc.client.lb.ConsistentHashLoadBalancer and class com.alipay.sofa.rpc.client.lb.ConsistentHashLoadBalancer
	at com.alipay.sofa.rpc.ext.ExtensionLoader.readLine(ExtensionLoader.java:291)
	at com.alipay.sofa.rpc.ext.ExtensionLoader.loadFromFile(ExtensionLoader.java:178)
	at com.alipay.sofa.rpc.ext.ExtensionLoader.<init>(ExtensionLoader.java:146)
	at com.alipay.sofa.rpc.ext.ExtensionLoader.<init>(ExtensionLoader.java:96)
	at com.alipay.sofa.rpc.ext.ExtensionLoaderFactory.getExtensionLoader(ExtensionLoaderFactory.java:40)
	at com.alipay.sofa.rpc.ext.ExtensionLoaderFactory.getExtensionLoader(ExtensionLoaderFactory.java:49)
	at com.alipay.sofa.rpc.client.LoadBalancerFactory.<clinit>(LoadBalancerFactory.java:40)
	at com.alipay.sofa.rpc.client.AbstractCluster.init(AbstractCluster.java:125)
	at com.alipay.sofa.rpc.bootstrap.bolt.BoltConsumerBootstrap.refer(BoltConsumerBootstrap.java:154)
	at com.alipay.sofa.rpc.config.ConsumerConfig.refer(ConsumerConfig.java:931)
	at com.alipay.boot.sofarpc.spring.factory.Slite2ReferenceFactoryBean.doAfterPropertiesSet(Slite2ReferenceFactoryBean.java:98)
	at com.alipay.boot.sofarpc.spring.base.Slite2AbstractContractFactoryBean.afterPropertiesSet(Slite2AbstractContractFactoryBean.java:111)
	at org.springframework.beans.factory.support.AbstractAutowireCapableBeanFactory.invokeInitMethods(AbstractAutowireCapableBeanFactory.java:1648)
	at org.springframework.beans.factory.support.AbstractAutowireCapableBeanFactory.initializeBean(AbstractAutowireCapableBeanFactory.java:1585)
	at org.springframework.beans.factory.support.AbstractAutowireCapableBeanFactory.doCreateBean(AbstractAutowireCapableBeanFactory.java:554)
	at org.springframework.beans.factory.support.AbstractAutowireCapableBeanFactory.createBean(AbstractAutowireCapableBeanFactory.java:483)
	at org.springframework.beans.factory.support.AbstractBeanFactory$1.getObject(AbstractBeanFactory.java:306)
	at org.springframework.beans.factory.support.DefaultSingletonBeanRegistry.getSingleton(DefaultSingletonBeanRegistry.java:230)
	at org.springframework.beans.factory.support.AbstractBeanFactory.doGetBean(AbstractBeanFactory.java:302)
	at org.springframework.beans.factory.support.AbstractBeanFactory.getTypeForFactoryBean(AbstractBeanFactory.java:1500)
	at org.springframework.beans.factory.support.AbstractAutowireCapableBeanFactory.getTypeForFactoryBean(AbstractAutowireCapableBeanFactory.java:826)
	at org.springframework.beans.factory.support.AbstractBeanFactory.isTypeMatch(AbstractBeanFactory.java:547)
	at org.springframework.beans.factory.support.DefaultListableBeanFactory.doGetBeanNamesForType(DefaultListableBeanFactory.java:430)
	at org.springframework.beans.factory.support.DefaultListableBeanFactory.getBeanNamesForType(DefaultListableBeanFactory.java:395)
	at org.springframework.beans.factory.BeanFactoryUtils.beanNamesForTypeIncludingAncestors(BeanFactoryUtils.java:220)
	at org.springframework.beans.factory.support.DefaultListableBeanFactory.findAutowireCandidates(DefaultListableBeanFactory.java:1248)
	at org.springframework.beans.factory.support.DefaultListableBeanFactory.doResolveDependency(DefaultListableBeanFactory.java:1099)
	at org.springframework.beans.factory.support.DefaultListableBeanFactory.resolveDependency(DefaultListableBeanFactory.java:1064)
	at org.springframework.beans.factory.annotation.AutowiredAnnotationBeanPostProcessor$AutowiredFieldElement.inject(AutowiredAnnotationBeanPostProcessor.java:585)
	at org.springframework.beans.factory.annotation.InjectionMetadata.inject(InjectionMetadata.java:88)
	at org.springframework.beans.factory.annotation.AutowiredAnnotationBeanPostProcessor.postProcessPropertyValues(AutowiredAnnotationBeanPostProcessor.java:366)
	at org.springframework.beans.factory.support.AbstractAutowireCapableBeanFactory.populateBean(AbstractAutowireCapableBeanFactory.java:1225)
	at org.springframework.beans.factory.support.AbstractAutowireCapableBeanFactory.doCreateBean(AbstractAutowireCapableBeanFactory.java:552)
	at org.springframework.beans.factory.support.AbstractAutowireCapableBeanFactory.createBean(AbstractAutowireCapableBeanFactory.java:483)
	at org.springframework.beans.factory.support.AbstractBeanFactory$1.getObject(AbstractBeanFactory.java:306)
	at org.springframework.beans.factory.support.DefaultSingletonBeanRegistry.getSingleton(DefaultSingletonBeanRegistry.java:230)
	at org.springframework.beans.factory.support.AbstractBeanFactory.doGetBean(AbstractBeanFactory.java:302)
	at org.springframework.beans.factory.support.AbstractBeanFactory.getBean(AbstractBeanFactory.java:202)
	at org.springframework.context.support.PostProcessorRegistrationDelegate.registerBeanPostProcessors(PostProcessorRegistrationDelegate.java:223)
	at org.springframework.context.support.AbstractApplicationContext.registerBeanPostProcessors(AbstractApplicationContext.java:702)
	at org.springframework.context.support.AbstractApplicationContext.refresh(AbstractApplicationContext.java:527)
	at org.springframework.boot.context.embedded.EmbeddedWebApplicationContext.refresh(EmbeddedWebApplicationContext.java:122)
	at org.springframework.boot.SpringApplication.refresh(SpringApplication.java:761)
	at org.springframework.boot.SpringApplication.refreshContext(SpringApplication.java:371)
	at org.springframework.boot.SpringApplication.run(SpringApplication.java:315)
	at com.dzjk.qzgw.web.Slite2WebSpringBootApplication.main(Slite2WebSpringBootApplication.java:20)
2018-08-10 10:01:45,313 WARN  main                             com.alipay.sofa.rpc.ext.ExtensionLoader - Failed to load extension of extensible com.alipay.sofa.rpc.client.AddressHolder from file:jar:file:/E:/work/repo/com/alipay/sofa/sofa-rpc-all/5.2.0/sofa-rpc-all-5.2.0.jar!/META-INF/services/sofa-rpc/com.alipay.sofa.rpc.client.AddressHolder
java.lang.IllegalStateException: Error when load extension of extensible class com.alipay.sofa.rpc.client.AddressHolder from file:jar:file:/E:/work/repo/com/alipay/sofa/sofa-rpc-all/5.2.0/sofa-rpc-all-5.2.0.jar!/META-INF/services/sofa-rpc/com.alipay.sofa.rpc.client.AddressHolder, Duplicate class with same alias: singleGroup, class com.alipay.sofa.rpc.client.SingleGroupAddressHolder and class com.alipay.sofa.rpc.client.SingleGroupAddressHolder
	at com.alipay.sofa.rpc.ext.ExtensionLoader.readLine(ExtensionLoader.java:291)
	at com.alipay.sofa.rpc.ext.ExtensionLoader.loadFromFile(ExtensionLoader.java:178)
	at com.alipay.sofa.rpc.ext.ExtensionLoader.<init>(ExtensionLoader.java:146)
	at com.alipay.sofa.rpc.ext.ExtensionLoader.<init>(ExtensionLoader.java:96)
	at com.alipay.sofa.rpc.ext.ExtensionLoaderFactory.getExtensionLoader(ExtensionLoaderFactory.java:40)
	at com.alipay.sofa.rpc.ext.ExtensionLoaderFactory.getExtensionLoader(ExtensionLoaderFactory.java:49)
	at com.alipay.sofa.rpc.client.AddressHolderFactory.<clinit>(AddressHolderFactory.java:41)
	at com.alipay.sofa.rpc.client.AbstractCluster.init(AbstractCluster.java:127)
	at com.alipay.sofa.rpc.bootstrap.bolt.BoltConsumerBootstrap.refer(BoltConsumerBootstrap.java:154)
	at com.alipay.sofa.rpc.config.ConsumerConfig.refer(ConsumerConfig.java:931)
	at com.alipay.boot.sofarpc.spring.factory.Slite2ReferenceFactoryBean.doAfterPropertiesSet(Slite2ReferenceFactoryBean.java:98)
	at com.alipay.boot.sofarpc.spring.base.Slite2AbstractContractFactoryBean.afterPropertiesSet(Slite2AbstractContractFactoryBean.java:111)
	at org.springframework.beans.factory.support.AbstractAutowireCapableBeanFactory.invokeInitMethods(AbstractAutowireCapableBeanFactory.java:1648)
	at org.springframework.beans.factory.support.AbstractAutowireCapableBeanFactory.initializeBean(AbstractAutowireCapableBeanFactory.java:1585)
	at org.springframework.beans.factory.support.AbstractAutowireCapableBeanFactory.doCreateBean(AbstractAutowireCapableBeanFactory.java:554)
	at org.springframework.beans.factory.support.AbstractAutowireCapableBeanFactory.createBean(AbstractAutowireCapableBeanFactory.java:483)
	at org.springframework.beans.factory.support.AbstractBeanFactory$1.getObject(AbstractBeanFactory.java:306)
	at org.springframework.beans.factory.support.DefaultSingletonBeanRegistry.getSingleton(DefaultSingletonBeanRegistry.java:230)
	at org.springframework.beans.factory.support.AbstractBeanFactory.doGetBean(AbstractBeanFactory.java:302)
	at org.springframework.beans.factory.support.AbstractBeanFactory.getTypeForFactoryBean(AbstractBeanFactory.java:1500)
	at org.springframework.beans.factory.support.AbstractAutowireCapableBeanFactory.getTypeForFactoryBean(AbstractAutowireCapableBeanFactory.java:826)
	at org.springframework.beans.factory.support.AbstractBeanFactory.isTypeMatch(AbstractBeanFactory.java:547)
	at org.springframework.beans.factory.support.DefaultListableBeanFactory.doGetBeanNamesForType(DefaultListableBeanFactory.java:430)
	at org.springframework.beans.factory.support.DefaultListableBeanFactory.getBeanNamesForType(DefaultListableBeanFactory.java:395)
	at org.springframework.beans.factory.BeanFactoryUtils.beanNamesForTypeIncludingAncestors(BeanFactoryUtils.java:220)
	at org.springframework.beans.factory.support.DefaultListableBeanFactory.findAutowireCandidates(DefaultListableBeanFactory.java:1248)
	at org.springframework.beans.factory.support.DefaultListableBeanFactory.doResolveDependency(DefaultListableBeanFactory.java:1099)
	at org.springframework.beans.factory.support.DefaultListableBeanFactory.resolveDependency(DefaultListableBeanFactory.java:1064)
	at org.springframework.beans.factory.annotation.AutowiredAnnotationBeanPostProcessor$AutowiredFieldElement.inject(AutowiredAnnotationBeanPostProcessor.java:585)
	at org.springframework.beans.factory.annotation.InjectionMetadata.inject(InjectionMetadata.java:88)
	at org.springframework.beans.factory.annotation.AutowiredAnnotationBeanPostProcessor.postProcessPropertyValues(AutowiredAnnotationBeanPostProcessor.java:366)
	at org.springframework.beans.factory.support.AbstractAutowireCapableBeanFactory.populateBean(AbstractAutowireCapableBeanFactory.java:1225)
	at org.springframework.beans.factory.support.AbstractAutowireCapableBeanFactory.doCreateBean(AbstractAutowireCapableBeanFactory.java:552)
	at org.springframework.beans.factory.support.AbstractAutowireCapableBeanFactory.createBean(AbstractAutowireCapableBeanFactory.java:483)
	at org.springframework.beans.factory.support.AbstractBeanFactory$1.getObject(AbstractBeanFactory.java:306)
	at org.springframework.beans.factory.support.DefaultSingletonBeanRegistry.getSingleton(DefaultSingletonBeanRegistry.java:230)
	at org.springframework.beans.factory.support.AbstractBeanFactory.doGetBean(AbstractBeanFactory.java:302)
	at org.springframework.beans.factory.support.AbstractBeanFactory.getBean(AbstractBeanFactory.java:202)
	at org.springframework.context.support.PostProcessorRegistrationDelegate.registerBeanPostProcessors(PostProcessorRegistrationDelegate.java:223)
	at org.springframework.context.support.AbstractApplicationContext.registerBeanPostProcessors(AbstractApplicationContext.java:702)
	at org.springframework.context.support.AbstractApplicationContext.refresh(AbstractApplicationContext.java:527)
	at org.springframework.boot.context.embedded.EmbeddedWebApplicationContext.refresh(EmbeddedWebApplicationContext.java:122)
	at org.springframework.boot.SpringApplication.refresh(SpringApplication.java:761)
	at org.springframework.boot.SpringApplication.refreshContext(SpringApplication.java:371)
	at org.springframework.boot.SpringApplication.run(SpringApplication.java:315)
	at com.dzjk.qzgw.web.Slite2WebSpringBootApplication.main(Slite2WebSpringBootApplication.java:20)
2018-08-10 10:01:45,320 WARN  main                             com.alipay.sofa.rpc.ext.ExtensionLoader - Failed to load extension of extensible com.alipay.sofa.rpc.client.ConnectionHolder from file:jar:file:/E:/work/repo/com/alipay/sofa/sofa-rpc-all/5.2.0/sofa-rpc-all-5.2.0.jar!/META-INF/services/sofa-rpc/com.alipay.sofa.rpc.client.ConnectionHolder
java.lang.IllegalStateException: Error when load extension of extensible class com.alipay.sofa.rpc.client.ConnectionHolder from file:jar:file:/E:/work/repo/com/alipay/sofa/sofa-rpc-all/5.2.0/sofa-rpc-all-5.2.0.jar!/META-INF/services/sofa-rpc/com.alipay.sofa.rpc.client.ConnectionHolder, Duplicate class with same alias: all, class com.alipay.sofa.rpc.client.AllConnectConnectionHolder and class com.alipay.sofa.rpc.client.AllConnectConnectionHolder
	at com.alipay.sofa.rpc.ext.ExtensionLoader.readLine(ExtensionLoader.java:291)
	at com.alipay.sofa.rpc.ext.ExtensionLoader.loadFromFile(ExtensionLoader.java:178)
	at com.alipay.sofa.rpc.ext.ExtensionLoader.<init>(ExtensionLoader.java:146)
	at com.alipay.sofa.rpc.ext.ExtensionLoader.<init>(ExtensionLoader.java:96)
	at com.alipay.sofa.rpc.ext.ExtensionLoaderFactory.getExtensionLoader(ExtensionLoaderFactory.java:40)
	at com.alipay.sofa.rpc.ext.ExtensionLoaderFactory.getExtensionLoader(ExtensionLoaderFactory.java:49)
	at com.alipay.sofa.rpc.client.ConnectionHolderFactory.<clinit>(ConnectionHolderFactory.java:40)
	at com.alipay.sofa.rpc.client.AbstractCluster.init(AbstractCluster.java:129)
	at com.alipay.sofa.rpc.bootstrap.bolt.BoltConsumerBootstrap.refer(BoltConsumerBootstrap.java:154)
	at com.alipay.sofa.rpc.config.ConsumerConfig.refer(ConsumerConfig.java:931)
	at com.alipay.boot.sofarpc.spring.factory.Slite2ReferenceFactoryBean.doAfterPropertiesSet(Slite2ReferenceFactoryBean.java:98)
	at com.alipay.boot.sofarpc.spring.base.Slite2AbstractContractFactoryBean.afterPropertiesSet(Slite2AbstractContractFactoryBean.java:111)
	at org.springframework.beans.factory.support.AbstractAutowireCapableBeanFactory.invokeInitMethods(AbstractAutowireCapableBeanFactory.java:1648)
	at org.springframework.beans.factory.support.AbstractAutowireCapableBeanFactory.initializeBean(AbstractAutowireCapableBeanFactory.java:1585)
	at org.springframework.beans.factory.support.AbstractAutowireCapableBeanFactory.doCreateBean(AbstractAutowireCapableBeanFactory.java:554)
	at org.springframework.beans.factory.support.AbstractAutowireCapableBeanFactory.createBean(AbstractAutowireCapableBeanFactory.java:483)
	at org.springframework.beans.factory.support.AbstractBeanFactory$1.getObject(AbstractBeanFactory.java:306)
	at org.springframework.beans.factory.support.DefaultSingletonBeanRegistry.getSingleton(DefaultSingletonBeanRegistry.java:230)
	at org.springframework.beans.factory.support.AbstractBeanFactory.doGetBean(AbstractBeanFactory.java:302)
	at org.springframework.beans.factory.support.AbstractBeanFactory.getTypeForFactoryBean(AbstractBeanFactory.java:1500)
	at org.springframework.beans.factory.support.AbstractAutowireCapableBeanFactory.getTypeForFactoryBean(AbstractAutowireCapableBeanFactory.java:826)
	at org.springframework.beans.factory.support.AbstractBeanFactory.isTypeMatch(AbstractBeanFactory.java:547)
	at org.springframework.beans.factory.support.DefaultListableBeanFactory.doGetBeanNamesForType(DefaultListableBeanFactory.java:430)
	at org.springframework.beans.factory.support.DefaultListableBeanFactory.getBeanNamesForType(DefaultListableBeanFactory.java:395)
	at org.springframework.beans.factory.BeanFactoryUtils.beanNamesForTypeIncludingAncestors(BeanFactoryUtils.java:220)
	at org.springframework.beans.factory.support.DefaultListableBeanFactory.findAutowireCandidates(DefaultListableBeanFactory.java:1248)
	at org.springframework.beans.factory.support.DefaultListableBeanFactory.doResolveDependency(DefaultListableBeanFactory.java:1099)
	at org.springframework.beans.factory.support.DefaultListableBeanFactory.resolveDependency(DefaultListableBeanFactory.java:1064)
	at org.springframework.beans.factory.annotation.AutowiredAnnotationBeanPostProcessor$AutowiredFieldElement.inject(AutowiredAnnotationBeanPostProcessor.java:585)
	at org.springframework.beans.factory.annotation.InjectionMetadata.inject(InjectionMetadata.java:88)
	at org.springframework.beans.factory.annotation.AutowiredAnnotationBeanPostProcessor.postProcessPropertyValues(AutowiredAnnotationBeanPostProcessor.java:366)
	at org.springframework.beans.factory.support.AbstractAutowireCapableBeanFactory.populateBean(AbstractAutowireCapableBeanFactory.java:1225)
	at org.springframework.beans.factory.support.AbstractAutowireCapableBeanFactory.doCreateBean(AbstractAutowireCapableBeanFactory.java:552)
	at org.springframework.beans.factory.support.AbstractAutowireCapableBeanFactory.createBean(AbstractAutowireCapableBeanFactory.java:483)
	at org.springframework.beans.factory.support.AbstractBeanFactory$1.getObject(AbstractBeanFactory.java:306)
	at org.springframework.beans.factory.support.DefaultSingletonBeanRegistry.getSingleton(DefaultSingletonBeanRegistry.java:230)
	at org.springframework.beans.factory.support.AbstractBeanFactory.doGetBean(AbstractBeanFactory.java:302)
	at org.springframework.beans.factory.support.AbstractBeanFactory.getBean(AbstractBeanFactory.java:202)
	at org.springframework.context.support.PostProcessorRegistrationDelegate.registerBeanPostProcessors(PostProcessorRegistrationDelegate.java:223)
	at org.springframework.context.support.AbstractApplicationContext.registerBeanPostProcessors(AbstractApplicationContext.java:702)
	at org.springframework.context.support.AbstractApplicationContext.refresh(AbstractApplicationContext.java:527)
	at org.springframework.boot.context.embedded.EmbeddedWebApplicationContext.refresh(EmbeddedWebApplicationContext.java:122)
	at org.springframework.boot.SpringApplication.refresh(SpringApplication.java:761)
	at org.springframework.boot.SpringApplication.refreshContext(SpringApplication.java:371)
	at org.springframework.boot.SpringApplication.run(SpringApplication.java:315)
	at com.dzjk.qzgw.web.Slite2WebSpringBootApplication.main(Slite2WebSpringBootApplication.java:20)
2018-08-10 10:01:45,344 WARN  main                             com.alipay.sofa.rpc.ext.ExtensionLoader - Failed to load extension of extensible com.alipay.sofa.rpc.filter.Filter from file:jar:file:/E:/work/repo/com/alipay/sofa/sofa-rpc-all/5.2.0/sofa-rpc-all-5.2.0.jar!/META-INF/services/sofa-rpc/com.alipay.sofa.rpc.filter.Filter
java.lang.IllegalStateException: Error when load extension of extensible class com.alipay.sofa.rpc.filter.Filter from file:jar:file:/E:/work/repo/com/alipay/sofa/sofa-rpc-all/5.2.0/sofa-rpc-all-5.2.0.jar!/META-INF/services/sofa-rpc/com.alipay.sofa.rpc.filter.Filter, Duplicate class with same alias: providerException, class com.alipay.sofa.rpc.filter.ProviderExceptionFilter and class com.alipay.sofa.rpc.filter.ProviderExceptionFilter
	at com.alipay.sofa.rpc.ext.ExtensionLoader.readLine(ExtensionLoader.java:291)
	at com.alipay.sofa.rpc.ext.ExtensionLoader.loadFromFile(ExtensionLoader.java:178)
	at com.alipay.sofa.rpc.ext.ExtensionLoader.<init>(ExtensionLoader.java:146)
	at com.alipay.sofa.rpc.ext.ExtensionLoader.<init>(ExtensionLoader.java:96)
	at com.alipay.sofa.rpc.ext.ExtensionLoaderFactory.getExtensionLoader(ExtensionLoaderFactory.java:40)
	at com.alipay.sofa.rpc.filter.FilterChain.buildLoader(FilterChain.java:78)
	at com.alipay.sofa.rpc.filter.FilterChain.<clinit>(FilterChain.java:75)
	at com.alipay.sofa.rpc.client.AbstractCluster.init(AbstractCluster.java:131)
	at com.alipay.sofa.rpc.bootstrap.bolt.BoltConsumerBootstrap.refer(BoltConsumerBootstrap.java:154)
	at com.alipay.sofa.rpc.config.ConsumerConfig.refer(ConsumerConfig.java:931)
	at com.alipay.boot.sofarpc.spring.factory.Slite2ReferenceFactoryBean.doAfterPropertiesSet(Slite2ReferenceFactoryBean.java:98)
	at com.alipay.boot.sofarpc.spring.base.Slite2AbstractContractFactoryBean.afterPropertiesSet(Slite2AbstractContractFactoryBean.java:111)
	at org.springframework.beans.factory.support.AbstractAutowireCapableBeanFactory.invokeInitMethods(AbstractAutowireCapableBeanFactory.java:1648)
	at org.springframework.beans.factory.support.AbstractAutowireCapableBeanFactory.initializeBean(AbstractAutowireCapableBeanFactory.java:1585)
	at org.springframework.beans.factory.support.AbstractAutowireCapableBeanFactory.doCreateBean(AbstractAutowireCapableBeanFactory.java:554)
	at org.springframework.beans.factory.support.AbstractAutowireCapableBeanFactory.createBean(AbstractAutowireCapableBeanFactory.java:483)
	at org.springframework.beans.factory.support.AbstractBeanFactory$1.getObject(AbstractBeanFactory.java:306)
	at org.springframework.beans.factory.support.DefaultSingletonBeanRegistry.getSingleton(DefaultSingletonBeanRegistry.java:230)
	at org.springframework.beans.factory.support.AbstractBeanFactory.doGetBean(AbstractBeanFactory.java:302)
	at org.springframework.beans.factory.support.AbstractBeanFactory.getTypeForFactoryBean(AbstractBeanFactory.java:1500)
	at org.springframework.beans.factory.support.AbstractAutowireCapableBeanFactory.getTypeForFactoryBean(AbstractAutowireCapableBeanFactory.java:826)
	at org.springframework.beans.factory.support.AbstractBeanFactory.isTypeMatch(AbstractBeanFactory.java:547)
	at org.springframework.beans.factory.support.DefaultListableBeanFactory.doGetBeanNamesForType(DefaultListableBeanFactory.java:430)
	at org.springframework.beans.factory.support.DefaultListableBeanFactory.getBeanNamesForType(DefaultListableBeanFactory.java:395)
	at org.springframework.beans.factory.BeanFactoryUtils.beanNamesForTypeIncludingAncestors(BeanFactoryUtils.java:220)
	at org.springframework.beans.factory.support.DefaultListableBeanFactory.findAutowireCandidates(DefaultListableBeanFactory.java:1248)
	at org.springframework.beans.factory.support.DefaultListableBeanFactory.doResolveDependency(DefaultListableBeanFactory.java:1099)
	at org.springframework.beans.factory.support.DefaultListableBeanFactory.resolveDependency(DefaultListableBeanFactory.java:1064)
	at org.springframework.beans.factory.annotation.AutowiredAnnotationBeanPostProcessor$AutowiredFieldElement.inject(AutowiredAnnotationBeanPostProcessor.java:585)
	at org.springframework.beans.factory.annotation.InjectionMetadata.inject(InjectionMetadata.java:88)
	at org.springframework.beans.factory.annotation.AutowiredAnnotationBeanPostProcessor.postProcessPropertyValues(AutowiredAnnotationBeanPostProcessor.java:366)
	at org.springframework.beans.factory.support.AbstractAutowireCapableBeanFactory.populateBean(AbstractAutowireCapableBeanFactory.java:1225)
	at org.springframework.beans.factory.support.AbstractAutowireCapableBeanFactory.doCreateBean(AbstractAutowireCapableBeanFactory.java:552)
	at org.springframework.beans.factory.support.AbstractAutowireCapableBeanFactory.createBean(AbstractAutowireCapableBeanFactory.java:483)
	at org.springframework.beans.factory.support.AbstractBeanFactory$1.getObject(AbstractBeanFactory.java:306)
	at org.springframework.beans.factory.support.DefaultSingletonBeanRegistry.getSingleton(DefaultSingletonBeanRegistry.java:230)
	at org.springframework.beans.factory.support.AbstractBeanFactory.doGetBean(AbstractBeanFactory.java:302)
	at org.springframework.beans.factory.support.AbstractBeanFactory.getBean(AbstractBeanFactory.java:202)
	at org.springframework.context.support.PostProcessorRegistrationDelegate.registerBeanPostProcessors(PostProcessorRegistrationDelegate.java:223)
	at org.springframework.context.support.AbstractApplicationContext.registerBeanPostProcessors(AbstractApplicationContext.java:702)
	at org.springframework.context.support.AbstractApplicationContext.refresh(AbstractApplicationContext.java:527)
	at org.springframework.boot.context.embedded.EmbeddedWebApplicationContext.refresh(EmbeddedWebApplicationContext.java:122)
	at org.springframework.boot.SpringApplication.refresh(SpringApplication.java:761)
	at org.springframework.boot.SpringApplication.refreshContext(SpringApplication.java:371)
	at org.springframework.boot.SpringApplication.run(SpringApplication.java:315)
	at com.dzjk.qzgw.web.Slite2WebSpringBootApplication.main(Slite2WebSpringBootApplication.java:20)
2018-08-10 10:01:45,350 WARN  main                             com.alipay.sofa.rpc.ext.ExtensionLoader - Failed to load extension of extensible com.alipay.sofa.rpc.tracer.Tracer from file:jar:file:/E:/work/repo/com/alipay/sofa/sofa-rpc-all/5.2.0/sofa-rpc-all-5.2.0.jar!/META-INF/services/sofa-rpc/com.alipay.sofa.rpc.tracer.Tracer
java.lang.IllegalStateException: Error when load extension of extensible class com.alipay.sofa.rpc.tracer.Tracer from file:jar:file:/E:/work/repo/com/alipay/sofa/sofa-rpc-all/5.2.0/sofa-rpc-all-5.2.0.jar!/META-INF/services/sofa-rpc/com.alipay.sofa.rpc.tracer.Tracer, Duplicate class with same alias: sofaTracer, class com.alipay.sofa.rpc.tracer.SofaTracer and class com.alipay.sofa.rpc.tracer.SofaTracer
	at com.alipay.sofa.rpc.ext.ExtensionLoader.readLine(ExtensionLoader.java:291)
	at com.alipay.sofa.rpc.ext.ExtensionLoader.loadFromFile(ExtensionLoader.java:178)
	at com.alipay.sofa.rpc.ext.ExtensionLoader.<init>(ExtensionLoader.java:146)
	at com.alipay.sofa.rpc.ext.ExtensionLoader.<init>(ExtensionLoader.java:96)
	at com.alipay.sofa.rpc.ext.ExtensionLoaderFactory.getExtensionLoader(ExtensionLoaderFactory.java:40)
	at com.alipay.sofa.rpc.ext.ExtensionLoaderFactory.getExtensionLoader(ExtensionLoaderFactory.java:49)
	at com.alipay.sofa.rpc.tracer.TracerFactory.<clinit>(TracerFactory.java:39)
	at com.alipay.sofa.rpc.tracer.Tracers.<clinit>(Tracers.java:77)
	at com.alipay.sofa.rpc.filter.ConsumerTracerFilter.needToLoad(ConsumerTracerFilter.java:48)
	at com.alipay.sofa.rpc.filter.FilterChain.<init>(FilterChain.java:120)
	at com.alipay.sofa.rpc.filter.FilterChain.buildConsumerChain(FilterChain.java:251)
	at com.alipay.sofa.rpc.client.AbstractCluster.init(AbstractCluster.java:131)
	at com.alipay.sofa.rpc.bootstrap.bolt.BoltConsumerBootstrap.refer(BoltConsumerBootstrap.java:154)
	at com.alipay.sofa.rpc.config.ConsumerConfig.refer(ConsumerConfig.java:931)
	at com.alipay.boot.sofarpc.spring.factory.Slite2ReferenceFactoryBean.doAfterPropertiesSet(Slite2ReferenceFactoryBean.java:98)
	at com.alipay.boot.sofarpc.spring.base.Slite2AbstractContractFactoryBean.afterPropertiesSet(Slite2AbstractContractFactoryBean.java:111)
	at org.springframework.beans.factory.support.AbstractAutowireCapableBeanFactory.invokeInitMethods(AbstractAutowireCapableBeanFactory.java:1648)
	at org.springframework.beans.factory.support.AbstractAutowireCapableBeanFactory.initializeBean(AbstractAutowireCapableBeanFactory.java:1585)
	at org.springframework.beans.factory.support.AbstractAutowireCapableBeanFactory.doCreateBean(AbstractAutowireCapableBeanFactory.java:554)
	at org.springframework.beans.factory.support.AbstractAutowireCapableBeanFactory.createBean(AbstractAutowireCapableBeanFactory.java:483)
	at org.springframework.beans.factory.support.AbstractBeanFactory$1.getObject(AbstractBeanFactory.java:306)
	at org.springframework.beans.factory.support.DefaultSingletonBeanRegistry.getSingleton(DefaultSingletonBeanRegistry.java:230)
	at org.springframework.beans.factory.support.AbstractBeanFactory.doGetBean(AbstractBeanFactory.java:302)
	at org.springframework.beans.factory.support.AbstractBeanFactory.getTypeForFactoryBean(AbstractBeanFactory.java:1500)
	at org.springframework.beans.factory.support.AbstractAutowireCapableBeanFactory.getTypeForFactoryBean(AbstractAutowireCapableBeanFactory.java:826)
	at org.springframework.beans.factory.support.AbstractBeanFactory.isTypeMatch(AbstractBeanFactory.java:547)
	at org.springframework.beans.factory.support.DefaultListableBeanFactory.doGetBeanNamesForType(DefaultListableBeanFactory.java:430)
	at org.springframework.beans.factory.support.DefaultListableBeanFactory.getBeanNamesForType(DefaultListableBeanFactory.java:395)
	at org.springframework.beans.factory.BeanFactoryUtils.beanNamesForTypeIncludingAncestors(BeanFactoryUtils.java:220)
	at org.springframework.beans.factory.support.DefaultListableBeanFactory.findAutowireCandidates(DefaultListableBeanFactory.java:1248)
	at org.springframework.beans.factory.support.DefaultListableBeanFactory.doResolveDependency(DefaultListableBeanFactory.java:1099)
	at org.springframework.beans.factory.support.DefaultListableBeanFactory.resolveDependency(DefaultListableBeanFactory.java:1064)
	at org.springframework.beans.factory.annotation.AutowiredAnnotationBeanPostProcessor$AutowiredFieldElement.inject(AutowiredAnnotationBeanPostProcessor.java:585)
	at org.springframework.beans.factory.annotation.InjectionMetadata.inject(InjectionMetadata.java:88)
	at org.springframework.beans.factory.annotation.AutowiredAnnotationBeanPostProcessor.postProcessPropertyValues(AutowiredAnnotationBeanPostProcessor.java:366)
	at org.springframework.beans.factory.support.AbstractAutowireCapableBeanFactory.populateBean(AbstractAutowireCapableBeanFactory.java:1225)
	at org.springframework.beans.factory.support.AbstractAutowireCapableBeanFactory.doCreateBean(AbstractAutowireCapableBeanFactory.java:552)
	at org.springframework.beans.factory.support.AbstractAutowireCapableBeanFactory.createBean(AbstractAutowireCapableBeanFactory.java:483)
	at org.springframework.beans.factory.support.AbstractBeanFactory$1.getObject(AbstractBeanFactory.java:306)
	at org.springframework.beans.factory.support.DefaultSingletonBeanRegistry.getSingleton(DefaultSingletonBeanRegistry.java:230)
	at org.springframework.beans.factory.support.AbstractBeanFactory.doGetBean(AbstractBeanFactory.java:302)
	at org.springframework.beans.factory.support.AbstractBeanFactory.getBean(AbstractBeanFactory.java:202)
	at org.springframework.context.support.PostProcessorRegistrationDelegate.registerBeanPostProcessors(PostProcessorRegistrationDelegate.java:223)
	at org.springframework.context.support.AbstractApplicationContext.registerBeanPostProcessors(AbstractApplicationContext.java:702)
	at org.springframework.context.support.AbstractApplicationContext.refresh(AbstractApplicationContext.java:527)
	at org.springframework.boot.context.embedded.EmbeddedWebApplicationContext.refresh(EmbeddedWebApplicationContext.java:122)
	at org.springframework.boot.SpringApplication.refresh(SpringApplication.java:761)
	at org.springframework.boot.SpringApplication.refreshContext(SpringApplication.java:371)
	at org.springframework.boot.SpringApplication.run(SpringApplication.java:315)
	at com.dzjk.qzgw.web.Slite2WebSpringBootApplication.main(Slite2WebSpringBootApplication.java:20)
2018-08-10 10:01:45,768 INFO  main                             com.alipay.sofa.rpc.tracer.Tracers - Load tracer impl success: sofaTracer, com.alipay.sofa.rpc.tracer.SofaTracer@f723cdb
2018-08-10 10:01:45,816 WARN  main                             com.alipay.sofa.rpc.ext.ExtensionLoader - Failed to load extension of extensible com.alipay.sofa.rpc.registry.Registry from file:jar:file:/E:/work/repo/com/alipay/sofa/sofa-rpc-all/5.2.0/sofa-rpc-all-5.2.0.jar!/META-INF/services/sofa-rpc/com.alipay.sofa.rpc.registry.Registry
java.lang.IllegalStateException: Error when load extension of extensible class com.alipay.sofa.rpc.registry.Registry from file:jar:file:/E:/work/repo/com/alipay/sofa/sofa-rpc-all/5.2.0/sofa-rpc-all-5.2.0.jar!/META-INF/services/sofa-rpc/com.alipay.sofa.rpc.registry.Registry, Duplicate class with same alias: dsr, class com.alipay.sofa.rpc.registry.dsr.DsrRegistry and class com.alipay.sofa.rpc.registry.dsr.DsrRegistry
	at com.alipay.sofa.rpc.ext.ExtensionLoader.readLine(ExtensionLoader.java:291)
	at com.alipay.sofa.rpc.ext.ExtensionLoader.loadFromFile(ExtensionLoader.java:178)
	at com.alipay.sofa.rpc.ext.ExtensionLoader.<init>(ExtensionLoader.java:146)
	at com.alipay.sofa.rpc.ext.ExtensionLoader.<init>(ExtensionLoader.java:96)
	at com.alipay.sofa.rpc.ext.ExtensionLoaderFactory.getExtensionLoader(ExtensionLoaderFactory.java:40)
	at com.alipay.sofa.rpc.ext.ExtensionLoaderFactory.getExtensionLoader(ExtensionLoaderFactory.java:49)
	at com.alipay.sofa.rpc.registry.RegistryFactory.getRegistry(RegistryFactory.java:69)
	at com.alipay.sofa.rpc.bootstrap.bolt.BoltConsumerBootstrap.subscribe(BoltConsumerBootstrap.java:234)
	at com.alipay.sofa.rpc.client.AbstractCluster.subscribeProviderList(AbstractCluster.java:209)
	at com.alipay.sofa.rpc.client.AbstractCluster.init(AbstractCluster.java:144)
	at com.alipay.sofa.rpc.bootstrap.bolt.BoltConsumerBootstrap.refer(BoltConsumerBootstrap.java:154)
	at com.alipay.sofa.rpc.config.ConsumerConfig.refer(ConsumerConfig.java:931)
	at com.alipay.boot.sofarpc.spring.factory.Slite2ReferenceFactoryBean.doAfterPropertiesSet(Slite2ReferenceFactoryBean.java:98)
	at com.alipay.boot.sofarpc.spring.base.Slite2AbstractContractFactoryBean.afterPropertiesSet(Slite2AbstractContractFactoryBean.java:111)
	at org.springframework.beans.factory.support.AbstractAutowireCapableBeanFactory.invokeInitMethods(AbstractAutowireCapableBeanFactory.java:1648)
	at org.springframework.beans.factory.support.AbstractAutowireCapableBeanFactory.initializeBean(AbstractAutowireCapableBeanFactory.java:1585)
	at org.springframework.beans.factory.support.AbstractAutowireCapableBeanFactory.doCreateBean(AbstractAutowireCapableBeanFactory.java:554)
	at org.springframework.beans.factory.support.AbstractAutowireCapableBeanFactory.createBean(AbstractAutowireCapableBeanFactory.java:483)
	at org.springframework.beans.factory.support.AbstractBeanFactory$1.getObject(AbstractBeanFactory.java:306)
	at org.springframework.beans.factory.support.DefaultSingletonBeanRegistry.getSingleton(DefaultSingletonBeanRegistry.java:230)
	at org.springframework.beans.factory.support.AbstractBeanFactory.doGetBean(AbstractBeanFactory.java:302)
	at org.springframework.beans.factory.support.AbstractBeanFactory.getTypeForFactoryBean(AbstractBeanFactory.java:1500)
	at org.springframework.beans.factory.support.AbstractAutowireCapableBeanFactory.getTypeForFactoryBean(AbstractAutowireCapableBeanFactory.java:826)
	at org.springframework.beans.factory.support.AbstractBeanFactory.isTypeMatch(AbstractBeanFactory.java:547)
	at org.springframework.beans.factory.support.DefaultListableBeanFactory.doGetBeanNamesForType(DefaultListableBeanFactory.java:430)
	at org.springframework.beans.factory.support.DefaultListableBeanFactory.getBeanNamesForType(DefaultListableBeanFactory.java:395)
	at org.springframework.beans.factory.BeanFactoryUtils.beanNamesForTypeIncludingAncestors(BeanFactoryUtils.java:220)
	at org.springframework.beans.factory.support.DefaultListableBeanFactory.findAutowireCandidates(DefaultListableBeanFactory.java:1248)
	at org.springframework.beans.factory.support.DefaultListableBeanFactory.doResolveDependency(DefaultListableBeanFactory.java:1099)
	at org.springframework.beans.factory.support.DefaultListableBeanFactory.resolveDependency(DefaultListableBeanFactory.java:1064)
	at org.springframework.beans.factory.annotation.AutowiredAnnotationBeanPostProcessor$AutowiredFieldElement.inject(AutowiredAnnotationBeanPostProcessor.java:585)
	at org.springframework.beans.factory.annotation.InjectionMetadata.inject(InjectionMetadata.java:88)
	at org.springframework.beans.factory.annotation.AutowiredAnnotationBeanPostProcessor.postProcessPropertyValues(AutowiredAnnotationBeanPostProcessor.java:366)
	at org.springframework.beans.factory.support.AbstractAutowireCapableBeanFactory.populateBean(AbstractAutowireCapableBeanFactory.java:1225)
	at org.springframework.beans.factory.support.AbstractAutowireCapableBeanFactory.doCreateBean(AbstractAutowireCapableBeanFactory.java:552)
	at org.springframework.beans.factory.support.AbstractAutowireCapableBeanFactory.createBean(AbstractAutowireCapableBeanFactory.java:483)
	at org.springframework.beans.factory.support.AbstractBeanFactory$1.getObject(AbstractBeanFactory.java:306)
	at org.springframework.beans.factory.support.DefaultSingletonBeanRegistry.getSingleton(DefaultSingletonBeanRegistry.java:230)
	at org.springframework.beans.factory.support.AbstractBeanFactory.doGetBean(AbstractBeanFactory.java:302)
	at org.springframework.beans.factory.support.AbstractBeanFactory.getBean(AbstractBeanFactory.java:202)
	at org.springframework.context.support.PostProcessorRegistrationDelegate.registerBeanPostProcessors(PostProcessorRegistrationDelegate.java:223)
	at org.springframework.context.support.AbstractApplicationContext.registerBeanPostProcessors(AbstractApplicationContext.java:702)
	at org.springframework.context.support.AbstractApplicationContext.refresh(AbstractApplicationContext.java:527)
	at org.springframework.boot.context.embedded.EmbeddedWebApplicationContext.refresh(EmbeddedWebApplicationContext.java:122)
	at org.springframework.boot.SpringApplication.refresh(SpringApplication.java:761)
	at org.springframework.boot.SpringApplication.refreshContext(SpringApplication.java:371)
	at org.springframework.boot.SpringApplication.run(SpringApplication.java:315)
	at com.dzjk.qzgw.web.Slite2WebSpringBootApplication.main(Slite2WebSpringBootApplication.java:20)
2018-08-10 10:02:16,547 WARN  main                             com.alipay.sofa.rpc.ext.ExtensionLoader - Failed to load extension of extensible com.alipay.sofa.rpc.proxy.Proxy from file:jar:file:/E:/work/repo/com/alipay/sofa/sofa-rpc-all/5.2.0/sofa-rpc-all-5.2.0.jar!/META-INF/services/sofa-rpc/com.alipay.sofa.rpc.proxy.Proxy
java.lang.IllegalStateException: Error when load extension of extensible interface com.alipay.sofa.rpc.proxy.Proxy from file:jar:file:/E:/work/repo/com/alipay/sofa/sofa-rpc-all/5.2.0/sofa-rpc-all-5.2.0.jar!/META-INF/services/sofa-rpc/com.alipay.sofa.rpc.proxy.Proxy, Duplicate class with same alias: jdk, class com.alipay.sofa.rpc.proxy.JDKProxy and class com.alipay.sofa.rpc.proxy.JDKProxy
	at com.alipay.sofa.rpc.ext.ExtensionLoader.readLine(ExtensionLoader.java:291)
	at com.alipay.sofa.rpc.ext.ExtensionLoader.loadFromFile(ExtensionLoader.java:178)
	at com.alipay.sofa.rpc.ext.ExtensionLoader.<init>(ExtensionLoader.java:146)
	at com.alipay.sofa.rpc.ext.ExtensionLoader.<init>(ExtensionLoader.java:96)
	at com.alipay.sofa.rpc.ext.ExtensionLoaderFactory.getExtensionLoader(ExtensionLoaderFactory.java:40)
	at com.alipay.sofa.rpc.ext.ExtensionLoaderFactory.getExtensionLoader(ExtensionLoaderFactory.java:49)
	at com.alipay.sofa.rpc.proxy.ProxyFactory.<clinit>(ProxyFactory.java:40)
	at com.alipay.sofa.rpc.bootstrap.bolt.BoltConsumerBootstrap.refer(BoltConsumerBootstrap.java:160)
	at com.alipay.sofa.rpc.config.ConsumerConfig.refer(ConsumerConfig.java:931)
	at com.alipay.boot.sofarpc.spring.factory.Slite2ReferenceFactoryBean.doAfterPropertiesSet(Slite2ReferenceFactoryBean.java:98)
	at com.alipay.boot.sofarpc.spring.base.Slite2AbstractContractFactoryBean.afterPropertiesSet(Slite2AbstractContractFactoryBean.java:111)
	at org.springframework.beans.factory.support.AbstractAutowireCapableBeanFactory.invokeInitMethods(AbstractAutowireCapableBeanFactory.java:1648)
	at org.springframework.beans.factory.support.AbstractAutowireCapableBeanFactory.initializeBean(AbstractAutowireCapableBeanFactory.java:1585)
	at org.springframework.beans.factory.support.AbstractAutowireCapableBeanFactory.doCreateBean(AbstractAutowireCapableBeanFactory.java:554)
	at org.springframework.beans.factory.support.AbstractAutowireCapableBeanFactory.createBean(AbstractAutowireCapableBeanFactory.java:483)
	at org.springframework.beans.factory.support.AbstractBeanFactory$1.getObject(AbstractBeanFactory.java:306)
	at org.springframework.beans.factory.support.DefaultSingletonBeanRegistry.getSingleton(DefaultSingletonBeanRegistry.java:230)
	at org.springframework.beans.factory.support.AbstractBeanFactory.doGetBean(AbstractBeanFactory.java:302)
	at org.springframework.beans.factory.support.AbstractBeanFactory.getTypeForFactoryBean(AbstractBeanFactory.java:1500)
	at org.springframework.beans.factory.support.AbstractAutowireCapableBeanFactory.getTypeForFactoryBean(AbstractAutowireCapableBeanFactory.java:826)
	at org.springframework.beans.factory.support.AbstractBeanFactory.isTypeMatch(AbstractBeanFactory.java:547)
	at org.springframework.beans.factory.support.DefaultListableBeanFactory.doGetBeanNamesForType(DefaultListableBeanFactory.java:430)
	at org.springframework.beans.factory.support.DefaultListableBeanFactory.getBeanNamesForType(DefaultListableBeanFactory.java:395)
	at org.springframework.beans.factory.BeanFactoryUtils.beanNamesForTypeIncludingAncestors(BeanFactoryUtils.java:220)
	at org.springframework.beans.factory.support.DefaultListableBeanFactory.findAutowireCandidates(DefaultListableBeanFactory.java:1248)
	at org.springframework.beans.factory.support.DefaultListableBeanFactory.doResolveDependency(DefaultListableBeanFactory.java:1099)
	at org.springframework.beans.factory.support.DefaultListableBeanFactory.resolveDependency(DefaultListableBeanFactory.java:1064)
	at org.springframework.beans.factory.annotation.AutowiredAnnotationBeanPostProcessor$AutowiredFieldElement.inject(AutowiredAnnotationBeanPostProcessor.java:585)
	at org.springframework.beans.factory.annotation.InjectionMetadata.inject(InjectionMetadata.java:88)
	at org.springframework.beans.factory.annotation.AutowiredAnnotationBeanPostProcessor.postProcessPropertyValues(AutowiredAnnotationBeanPostProcessor.java:366)
	at org.springframework.beans.factory.support.AbstractAutowireCapableBeanFactory.populateBean(AbstractAutowireCapableBeanFactory.java:1225)
	at org.springframework.beans.factory.support.AbstractAutowireCapableBeanFactory.doCreateBean(AbstractAutowireCapableBeanFactory.java:552)
	at org.springframework.beans.factory.support.AbstractAutowireCapableBeanFactory.createBean(AbstractAutowireCapableBeanFactory.java:483)
	at org.springframework.beans.factory.support.AbstractBeanFactory$1.getObject(AbstractBeanFactory.java:306)
	at org.springframework.beans.factory.support.DefaultSingletonBeanRegistry.getSingleton(DefaultSingletonBeanRegistry.java:230)
	at org.springframework.beans.factory.support.AbstractBeanFactory.doGetBean(AbstractBeanFactory.java:302)
	at org.springframework.beans.factory.support.AbstractBeanFactory.getBean(AbstractBeanFactory.java:202)
	at org.springframework.context.support.PostProcessorRegistrationDelegate.registerBeanPostProcessors(PostProcessorRegistrationDelegate.java:223)
	at org.springframework.context.support.AbstractApplicationContext.registerBeanPostProcessors(AbstractApplicationContext.java:702)
	at org.springframework.context.support.AbstractApplicationContext.refresh(AbstractApplicationContext.java:527)
	at org.springframework.boot.context.embedded.EmbeddedWebApplicationContext.refresh(EmbeddedWebApplicationContext.java:122)
	at org.springframework.boot.SpringApplication.refresh(SpringApplication.java:761)
	at org.springframework.boot.SpringApplication.refreshContext(SpringApplication.java:371)
	at org.springframework.boot.SpringApplication.run(SpringApplication.java:315)
	at com.dzjk.qzgw.web.Slite2WebSpringBootApplication.main(Slite2WebSpringBootApplication.java:20)
2018-08-10 10:02:16,552 INFO  main                             com.alipay.sofa.rpc.bootstrap.bolt.BoltConsumerBootstrap - Refer consumer config : bolt://com.dzjk.ams.facade.api.account.AccountRestFacade: with bean id accountRestFacade
2018-08-10 10:02:46,565 INFO  main                             com.alipay.sofa.rpc.bootstrap.bolt.BoltConsumerBootstrap - Refer consumer config : bolt://com.dzjk.ams.facade.api.account.AccountApiFacade: with bean id accountApiFacade
2018-08-10 10:03:16,573 INFO  main                             com.alipay.sofa.rpc.bootstrap.bolt.BoltConsumerBootstrap - Refer consumer config : bolt://com.dzjk.product.facade.ProductSelectedService: with bean id productSelectedService
2018-08-10 10:03:46,580 INFO  main                             com.alipay.sofa.rpc.bootstrap.bolt.BoltConsumerBootstrap - Refer consumer config : bolt://com.dzjk.product.facade.ProductService: with bean id productService
