2018-04-10 15:49:41.462 - INFO  c.a.boot.sofarpc.configuration.Slite2Configuration - Not find key com.antcloud.mw.access in Java -D argument, put value iPEpRiVpTYmcQhPCcv into System
2018-04-10 15:49:41.492 - INFO  c.a.boot.sofarpc.configuration.Slite2Configuration - Not find key com.antcloud.antvip.endpoint in Java -D argument, put value 100.100.0.90 into System
2018-04-10 15:49:41.493 - INFO  c.a.boot.sofarpc.configuration.Slite2Configuration - Not find key com.antcloud.mw.secret in Java -D argument, put value 1LXCh6aSuLny9Nj97bHIwyhPzLZnIUOe into System
2018-04-10 15:49:41.496 - INFO  c.a.boot.sofarpc.configuration.Slite2Configuration - Not find key com.alipay.env in Java -D argument, put value shared into System
2018-04-10 15:49:41.496 - INFO  c.a.boot.sofarpc.configuration.Slite2Configuration - Not find key com.alipay.instanceid in Java -D argument, put value 6X7QISWPLLCZ into System
2018-04-10 15:49:41.513 - INFO  com.alipay.sofa.common.log - Sofa-Middleware-Log SLF4J : Actual logging.path is [ ./logs ]
2018-04-10 15:49:41.524 - INFO  com.alipay.sofa.common.log - Sofa-Middleware-Log SLF4J : Actual binding is of type [ com.alipay.sofa.rest Logback ]
2018-04-10 15:49:41.600 - INFO  com.alipay.sofa.common.log - Sofa-Middleware-Log SLF4J : Actual binding is of type [ com.alipay.sofa.rpc Logback ]
2018-04-10 15:49:42.175 - INFO  org.hibernate.validator.internal.util.Version - HV000001: Hibernate Validator 5.2.4.Final
2018-04-10 15:49:42.244 - INFO  com.alipay.sofa.common.log - Sofa-Middleware-Log SLF4J : Actual binding is of type [ com.alipay.sofa.mq Logback ]
2018-04-10 15:49:42.327 - INFO  Slite2WebSpringBootApplication - Starting Slite2WebSpringBootApplication on C85B76091A6D with PID 12336 (E:\IdeaProject\ams\app\web\target\classes started by daixiaohu in E:\IdeaProject\ams\app\web)
2018-04-10 15:49:42.327 - INFO  Slite2WebSpringBootApplication - Starting Slite2WebSpringBootApplication on C85B76091A6D with PID 12336 (E:\IdeaProject\ams\app\web\target\classes started by daixiaohu in E:\IdeaProject\ams\app\web)
2018-04-10 15:49:42.328 - INFO  Slite2WebSpringBootApplication - The following profiles are active: dazhijinkeDev
2018-04-10 15:49:42.328 - INFO  Slite2WebSpringBootApplication - The following profiles are active: dazhijinkeDev
2018-04-10 15:49:43.109 - INFO  o.s.b.c.e.AnnotationConfigEmbeddedWebApplicationContext - Refreshing org.springframework.boot.context.embedded.AnnotationConfigEmbeddedWebApplicationContext@7e90ef35: startup date [Tue Apr 10 15:49:43 CST 2018]; root of context hierarchy
2018-04-10 15:49:44.403 - INFO  o.s.beans.factory.xml.XmlBeanDefinitionReader - Loading XML bean definitions from URL [file:/E:/IdeaProject/ams/app/web/target/classes/ams-applicationContext.xml]
2018-04-10 15:49:44.859 - INFO  o.s.beans.factory.xml.XmlBeanDefinitionReader - Loading XML bean definitions from URL [jar:file:/E:/work/repo/com/dzjk/ams/ams-dal/1.0.0-SNAPSHOT/ams-dal-1.0.0-SNAPSHOT.jar!/spring/ams-dal-config.xml]
2018-04-10 15:49:45.087 - INFO  o.s.beans.factory.xml.XmlBeanDefinitionReader - Loading XML bean definitions from URL [jar:file:/E:/work/repo/com/dzjk/ams/ams-endpoint/1.0.0-SNAPSHOT/ams-endpoint-1.0.0-SNAPSHOT.jar!/spring/ams-endpoint.xml]
2018-04-10 15:49:45.145 - INFO  o.s.b.factory.support.DefaultListableBeanFactory - Overriding bean definition for bean 'mqConsumer' with a different definition: replacing [Generic bean: class [com.alipay.boot.dms.spring.factory.DmsSubscriberFactoryBean]; scope=; abstract=false; lazyInit=false; autowireMode=0; dependencyCheck=0; autowireCandidate=true; primary=false; factoryBeanName=null; factoryMethodName=null; initMethodName=null; destroyMethodName=null] with [Generic bean: class [com.alipay.boot.dms.spring.factory.DmsSubscriberFactoryBean]; scope=; abstract=false; lazyInit=false; autowireMode=0; dependencyCheck=0; autowireCandidate=true; primary=false; factoryBeanName=null; factoryMethodName=null; initMethodName=null; destroyMethodName=null]
2018-04-10 15:49:45.168 - INFO  o.s.beans.factory.xml.XmlBeanDefinitionReader - Loading XML bean definitions from class path resource [spring/ams-sofa-config.xml]
2018-04-10 15:49:45.467 - INFO  o.s.b.factory.support.DefaultListableBeanFactory - Overriding bean definition for bean 'mvcContentNegotiationManager' with a different definition: replacing [Root bean: class [org.springframework.web.accept.ContentNegotiationManagerFactoryBean]; scope=; abstract=false; lazyInit=false; autowireMode=0; dependencyCheck=0; autowireCandidate=true; primary=false; factoryBeanName=null; factoryMethodName=null; initMethodName=null; destroyMethodName=null] with [Root bean: class [null]; scope=; abstract=false; lazyInit=false; autowireMode=3; dependencyCheck=0; autowireCandidate=true; primary=false; factoryBeanName=org.springframework.boot.autoconfigure.web.WebMvcAutoConfiguration$EnableWebMvcConfiguration; factoryMethodName=mvcContentNegotiationManager; initMethodName=null; destroyMethodName=(inferred); defined in class path resource [org/springframework/boot/autoconfigure/web/WebMvcAutoConfiguration$EnableWebMvcConfiguration.class]]
2018-04-10 15:49:45.469 - INFO  o.s.c.a.ConfigurationClassBeanDefinitionReader - Skipping bean definition for [BeanMethod:name=mvcUriComponentsContributor,declaringClass=org.springframework.web.servlet.config.annotation.WebMvcConfigurationSupport]: a definition for bean 'mvcUriComponentsContributor' already exists. This top-level bean definition is considered as an override.
2018-04-10 15:49:45.576 - INFO  o.s.b.factory.support.DefaultListableBeanFactory - Overriding bean definition for bean 'org.springframework.transaction.config.internalTransactionAdvisor' with a different definition: replacing [Root bean: class [org.springframework.transaction.interceptor.BeanFactoryTransactionAttributeSourceAdvisor]; scope=; abstract=false; lazyInit=false; autowireMode=0; dependencyCheck=0; autowireCandidate=true; primary=false; factoryBeanName=null; factoryMethodName=null; initMethodName=null; destroyMethodName=null] with [Root bean: class [null]; scope=; abstract=false; lazyInit=false; autowireMode=3; dependencyCheck=0; autowireCandidate=true; primary=false; factoryBeanName=org.springframework.transaction.annotation.ProxyTransactionManagementConfiguration; factoryMethodName=transactionAdvisor; initMethodName=null; destroyMethodName=(inferred); defined in class path resource [org/springframework/transaction/annotation/ProxyTransactionManagementConfiguration.class]]
2018-04-10 15:49:45.577 - INFO  o.s.c.a.ConfigurationClassBeanDefinitionReader - Skipping bean definition for [BeanMethod:name=transactionalEventListenerFactory,declaringClass=org.springframework.transaction.annotation.AbstractTransactionManagementConfiguration]: a definition for bean 'org.springframework.transaction.config.internalTransactionalEventListenerFactory' already exists. This top-level bean definition is considered as an override.
2018-04-10 15:49:47.526 - INFO  o.s.b.f.a.AutowiredAnnotationBeanPostProcessor - JSR-330 'javax.inject.Inject' annotation found and supported for autowiring
2018-04-10 15:49:47.759 - INFO  o.s.c.s.PostProcessorRegistrationDelegate$BeanPostProcessorChecker - Bean 'ams.dataSource' of type [class com.alibaba.druid.pool.DruidDataSource] is not eligible for getting processed by all BeanPostProcessors (for example: not eligible for auto-proxying)
2018-04-10 15:49:48.424 - INFO  o.s.c.s.PostProcessorRegistrationDelegate$BeanPostProcessorChecker - Bean 'ams.sqlSessionFactory' of type [class org.mybatis.spring.SqlSessionFactoryBean] is not eligible for getting processed by all BeanPostProcessors (for example: not eligible for auto-proxying)
2018-04-10 15:49:48.425 - INFO  o.s.c.s.PostProcessorRegistrationDelegate$BeanPostProcessorChecker - Bean 'ams.sqlSessionFactory' of type [class org.apache.ibatis.session.defaults.DefaultSqlSessionFactory] is not eligible for getting processed by all BeanPostProcessors (for example: not eligible for auto-proxying)
2018-04-10 15:49:48.441 - INFO  o.s.c.s.PostProcessorRegistrationDelegate$BeanPostProcessorChecker - Bean 'ams.SqlSessionTemplate' of type [class org.mybatis.spring.SqlSessionTemplate] is not eligible for getting processed by all BeanPostProcessors (for example: not eligible for auto-proxying)
2018-04-10 15:49:48.441 - INFO  o.s.c.s.PostProcessorRegistrationDelegate$BeanPostProcessorChecker - Bean 'accountBorrowDOMapper' of type [class org.mybatis.spring.mapper.MapperFactoryBean] is not eligible for getting processed by all BeanPostProcessors (for example: not eligible for auto-proxying)
2018-04-10 15:49:48.443 - INFO  o.s.c.s.PostProcessorRegistrationDelegate$BeanPostProcessorChecker - Bean 'accountEarningsDOMapper' of type [class org.mybatis.spring.mapper.MapperFactoryBean] is not eligible for getting processed by all BeanPostProcessors (for example: not eligible for auto-proxying)
2018-04-10 15:49:48.444 - INFO  o.s.c.s.PostProcessorRegistrationDelegate$BeanPostProcessorChecker - Bean 'accountEarningsServiceFeeDOMapper' of type [class org.mybatis.spring.mapper.MapperFactoryBean] is not eligible for getting processed by all BeanPostProcessors (for example: not eligible for auto-proxying)
2018-04-10 15:49:48.445 - INFO  o.s.c.s.PostProcessorRegistrationDelegate$BeanPostProcessorChecker - Bean 'accountingDOMapper' of type [class org.mybatis.spring.mapper.MapperFactoryBean] is not eligible for getting processed by all BeanPostProcessors (for example: not eligible for auto-proxying)
2018-04-10 15:49:48.445 - INFO  o.s.c.s.PostProcessorRegistrationDelegate$BeanPostProcessorChecker - Bean 'accountRepayPlanDOMapper' of type [class org.mybatis.spring.mapper.MapperFactoryBean] is not eligible for getting processed by all BeanPostProcessors (for example: not eligible for auto-proxying)
2018-04-10 15:49:48.446 - INFO  o.s.c.s.PostProcessorRegistrationDelegate$BeanPostProcessorChecker - Bean 'accountRepaySerialDOMapper' of type [class org.mybatis.spring.mapper.MapperFactoryBean] is not eligible for getting processed by all BeanPostProcessors (for example: not eligible for auto-proxying)
2018-04-10 15:49:48.447 - INFO  o.s.c.s.PostProcessorRegistrationDelegate$BeanPostProcessorChecker - Bean 'accountRepayServiceFeeDOMapper' of type [class org.mybatis.spring.mapper.MapperFactoryBean] is not eligible for getting processed by all BeanPostProcessors (for example: not eligible for auto-proxying)
2018-04-10 15:49:48.449 - INFO  o.s.c.s.PostProcessorRegistrationDelegate$BeanPostProcessorChecker - Bean 'customerInfoDOMapper' of type [class org.mybatis.spring.mapper.MapperFactoryBean] is not eligible for getting processed by all BeanPostProcessors (for example: not eligible for auto-proxying)
2018-04-10 15:49:48.450 - INFO  o.s.c.s.PostProcessorRegistrationDelegate$BeanPostProcessorChecker - Bean 'uniqueCheckDOMapper' of type [class org.mybatis.spring.mapper.MapperFactoryBean] is not eligible for getting processed by all BeanPostProcessors (for example: not eligible for auto-proxying)
2018-04-10 15:49:49.194 - INFO  com.alipay.sofa.common.log - Sofa-Middleware-Log SLF4J : Actual binding is of type [ com.antcloud.antvip Logback ]
2018-04-10 15:50:19.163 - INFO  o.s.c.s.PostProcessorRegistrationDelegate$BeanPostProcessorChecker - Bean 'productSelectedService' of type [class com.alipay.boot.sofarpc.spring.factory.Slite2ReferenceFactoryBean] is not eligible for getting processed by all BeanPostProcessors (for example: not eligible for auto-proxying)
2018-04-10 15:50:19.225 - INFO  o.s.c.s.PostProcessorRegistrationDelegate$BeanPostProcessorChecker - Bean 'org.springframework.transaction.annotation.ProxyTransactionManagementConfiguration' of type [class org.springframework.transaction.annotation.ProxyTransactionManagementConfiguration$$EnhancerBySpringCGLIB$$20ab3f85] is not eligible for getting processed by all BeanPostProcessors (for example: not eligible for auto-proxying)
2018-04-10 15:50:20.033 - INFO  o.s.b.c.e.tomcat.TomcatEmbeddedServletContainer - Tomcat initialized with port(s): 8090 (http)
2018-04-10 15:50:20.082 - INFO  org.apache.catalina.core.StandardService - Starting service Tomcat
2018-04-10 15:50:20.083 - INFO  org.apache.catalina.core.StandardEngine - Starting Servlet Engine: Apache Tomcat/8.5.6
2018-04-10 15:50:20.241 - INFO  o.a.c.core.ContainerBase.[Tomcat].[localhost].[/] - Initializing Spring embedded WebApplicationContext
2018-04-10 15:50:20.241 - INFO  org.springframework.web.context.ContextLoader - Root WebApplicationContext: initialization completed in 37132 ms
2018-04-10 15:50:20.542 - INFO  o.s.boot.web.servlet.ServletRegistrationBean - Mapping servlet: 'dispatcherServlet' to [/]
2018-04-10 15:50:20.554 - INFO  o.s.boot.web.servlet.FilterRegistrationBean - Mapping filter: 'characterEncodingFilter' to: [/*]
2018-04-10 15:50:20.555 - INFO  o.s.boot.web.servlet.FilterRegistrationBean - Mapping filter: 'hiddenHttpMethodFilter' to: [/*]
2018-04-10 15:50:20.555 - INFO  o.s.boot.web.servlet.FilterRegistrationBean - Mapping filter: 'httpPutFormContentFilter' to: [/*]
2018-04-10 15:50:20.555 - INFO  o.s.boot.web.servlet.FilterRegistrationBean - Mapping filter: 'requestContextFilter' to: [/*]
2018-04-10 15:50:20.795 - INFO  c.a.c.e.t.adapter.EventSendFacadeTBNotifyImpl - The checkMessageListener is not set, the name of Publisher is [null]
2018-04-10 15:50:20.912 - INFO  c.t.n.remoting.service.impl.BaseRemotingController - Start RemotingController with the following configuration
BaseConfig [callBackExecutorPoolSize=3, callBackExecutorQueueSize=20000, dispatchMessageThreadCount=0, idleTime=10, keepAlive=true, linger=0, maxCallBackCountPerConnection=100000, maxCallBackExecutorPoolSize=30, maxReadBufferSize=0, maxScheduleWrittenBytes=184025088, rcvBufferSize=65536, readBufferSize=32768, readThreadCount=0, reuseAddr=true, scanInvalidCallBackInterval=300, selectorPoolSize=5, sndBufferSize=65536, soLinger=true, tcpNoDelay=true, wireFormatType=NOTIFY_V1, writeThreadCount=0]
2018-04-10 15:50:20.948 - INFO  c.t.notify.remoting.core.nio.impl.SelectorManager - Creating 5 rectors...
2018-04-10 15:50:21.044 - INFO  com.taobao.notify.client.NotifyClientFactory - Create NotifyClient for the brokerAddressConfig [BrokerAddressConfig{appName='ams', brokerAddressLookupPolicy=[BrokerAddressLookupPolicy [name=AntVip desc=Ant VIP server based broker address]], testBrokerServers=null, instanceId='6X7QISWPLLCZ', datacenter='', antVipEndpoint='100.100.0.90', productName='DMS'}]
2018-04-10 15:50:21.099 - INFO  com.taobao.notify.client.impl.DefaultNotifyClient - [com.taobao.notify.client.impl.DefaultNotifyClient]
Bindings [groupId [^6X7QISWPLLCZ$P_ams_mq] ]
2018-04-10 15:50:21.100 - INFO  c.taobao.notify.brokeraddress.BrokerAddressManager - Create a antvip broker address listener, topic [NS_Pub_Servers_^6X7QISWPLLCZ$TP_AMS] brokerAddressConfig [BrokerAddressConfig{appName='ams', brokerAddressLookupPolicy=[BrokerAddressLookupPolicy [name=AntVip desc=Ant VIP server based broker address]], testBrokerServers=null, instanceId='6X7QISWPLLCZ', datacenter='', antVipEndpoint='100.100.0.90', productName='DMS'}]
2018-04-10 15:50:21.103 - INFO  c.t.n.brokeraddress.BrokerAddressListenerAbstract - Initialize the AntVip Client, config [BrokerAddressConfig{appName='ams', brokerAddressLookupPolicy=[BrokerAddressLookupPolicy [name=AntVip desc=Ant VIP server based broker address]], testBrokerServers=null, instanceId='6X7QISWPLLCZ', datacenter='', antVipEndpoint='100.100.0.90', productName='DMS'}]
2018-04-10 15:50:53.479 - INFO  com.alipay.sofa.common.log - Sofa-Middleware-Log SLF4J : Actual binding is of type [ com.alipay.sofa.dsr Logback ]
2018-04-10 15:50:54.860 - INFO  c.t.n.brokeraddress.BrokerAddressListenerAbstract - [AntVipBasedBrokerAddressListener] has been initialized, ignore start process. config [BrokerAddressConfig{appName='ams', brokerAddressLookupPolicy=[BrokerAddressLookupPolicy [name=AntVip desc=Ant VIP server based broker address]], testBrokerServers=null, instanceId='6X7QISWPLLCZ', datacenter='', antVipEndpoint='100.100.0.90', productName='DMS'}] topics [[NS_Pub_Servers_^6X7QISWPLLCZ$TP_AMS]]
2018-04-10 15:50:54.860 - INFO  c.t.notify.remotingservice.DefaultRemotingService - [com.taobao.notify.remotingservice.DefaultRemotingService]
Broker Address Manager: Size of the Broker Address Listeners is 1
2018-04-10 15:50:54.860 - INFO  c.t.n.remotingservice.responsitory.NewUrlManager - [com.taobao.notify.remotingservice.responsitory.NewUrlManager]
serverUrlResponsitory size is:0
2018-04-10 15:50:54.860 - INFO  c.t.n.remotingservice.responsitory.NewUrlManager - [com.taobao.notify.remotingservice.responsitory.NewUrlManager]
serverUrlResponsitory is:{}
2018-04-10 15:50:54.860 - INFO  c.t.n.remotingservice.responsitory.NewUrlManager - [com.taobao.notify.remotingservice.responsitory.NewUrlManager]
serverUrlResponsitory AllUrls are:[]
2018-04-10 15:50:54.860 - INFO  c.t.n.remotingservice.responsitory.NewUrlManager - [com.taobao.notify.remotingservice.responsitory.NewUrlManager]
controlInfoResponsitory size is:0
2018-04-10 15:50:54.861 - INFO  c.t.n.remotingservice.responsitory.NewUrlManager - [com.taobao.notify.remotingservice.responsitory.NewUrlManager]
controlInfoResponsitory is:{}
2018-04-10 15:50:54.861 - INFO  c.t.n.remotingservice.responsitory.NewUrlManager - [com.taobao.notify.remotingservice.responsitory.NewUrlManager]
groupOfTopics is:{NS_Pub_Servers_^6X7QISWPLLCZ$TP_AMS=[^6X7QISWPLLCZ$P_ams_mq]}
2018-04-10 15:50:54.861 - INFO  c.t.n.remotingservice.responsitory.NewUrlManager - [com.taobao.notify.remotingservice.responsitory.NewUrlManager]
all urls: null
2018-04-10 15:50:58.605 - INFO  com.alipay.sofa.common.log - Sofa-Middleware-Log SLF4J : Actual binding is of type [ com.alipay.sofa.scheduler Logback ]
2018-04-10 15:50:58.639 - INFO  com.alipay.sofa.common.log - Sofa-Middleware-Log SLF4J : Actual binding is of type [ com.alipay.remoting Logback ]
2018-04-10 15:51:20.379 - INFO  o.s.w.s.m.m.a.RequestMappingHandlerMapping - Mapped "{[/account/createAccount]}" onto public java.lang.Object com.dzjk.ams.web.controller.account.accountController.createAccount(com.dzjk.ams.facade.form.account.CreateAccountReqFormTest,javax.servlet.http.HttpServletRequest)
2018-04-10 15:51:20.381 - INFO  o.s.w.s.m.m.a.RequestMappingHandlerMapping - Mapped "{[/account/accountTrial]}" onto public java.lang.Object com.dzjk.ams.web.controller.account.accountController.accountTrial(com.dzjk.ams.facade.form.account.AccountTrialReqForm,javax.servlet.http.HttpServletRequest)
2018-04-10 15:51:20.381 - INFO  o.s.w.s.m.m.a.RequestMappingHandlerMapping - Mapped "{[/account/queryAccount]}" onto public java.lang.Object com.dzjk.ams.web.controller.account.accountController.queryAccount(com.dzjk.ams.facade.form.account.QueryAccountReqForm,javax.servlet.http.HttpServletRequest) throws CommonException
2018-04-10 15:51:20.381 - INFO  o.s.w.s.m.m.a.RequestMappingHandlerMapping - Mapped "{[/account/queryRepayPlan]}" onto public java.lang.Object com.dzjk.ams.web.controller.account.accountController.queryRepayPlan(com.dzjk.ams.facade.form.account.QueryRepayPlanReqForm,javax.servlet.http.HttpServletRequest)
2018-04-10 15:51:20.382 - INFO  o.s.w.s.m.m.a.RequestMappingHandlerMapping - Mapped "{[/account/prePrpayTry]}" onto public java.lang.Object com.dzjk.ams.web.controller.account.accountController.preRepayTry(com.dzjk.ams.facade.form.account.PreRepayTryReqForm,javax.servlet.http.HttpServletRequest)
2018-04-10 15:51:20.382 - INFO  o.s.w.s.m.m.a.RequestMappingHandlerMapping - Mapped "{[/account/manualRepay]}" onto public java.lang.Object com.dzjk.ams.web.controller.account.accountController.manualRepay(com.dzjk.ams.facade.form.account.ManualRepayReqForm,javax.servlet.http.HttpServletRequest)
2018-04-10 15:51:20.382 - INFO  o.s.w.s.m.m.a.RequestMappingHandlerMapping - Mapped "{[/account/accountUpdate]}" onto public java.lang.Object com.dzjk.ams.web.controller.account.accountController.accountUpdate(com.dzjk.ams.facade.form.account.AccountUpdateReqForm,javax.servlet.http.HttpServletRequest)
2018-04-10 15:51:20.382 - INFO  o.s.w.s.m.m.a.RequestMappingHandlerMapping - Mapped "{[/account/queryPlatEarnings]}" onto public java.lang.Object com.dzjk.ams.web.controller.account.accountController.queryPlatEarnings(com.dzjk.ams.facade.form.account.QueryPlatEarningsReqForm,javax.servlet.http.HttpServletRequest)
2018-04-10 15:51:20.383 - INFO  o.s.w.s.m.m.a.RequestMappingHandlerMapping - Mapped "{[/account/queryAccountStatus]}" onto public java.lang.Object com.dzjk.ams.web.controller.account.accountController.queryAccountStatus(com.dzjk.ams.facade.form.account.QueryAccountStatusReqForm,javax.servlet.http.HttpServletRequest)
2018-04-10 15:51:20.391 - INFO  o.s.w.s.m.m.a.RequestMappingHandlerMapping - Mapped "{[/rpc/dzjk/query]}" onto public java.lang.String com.dzjk.ams.web.controller.RpcController.query(com.dzjk.ams.facade.form.QueryReqForm,javax.servlet.http.HttpServletRequest) throws CommonException
2018-04-10 15:51:20.392 - INFO  o.s.w.s.m.m.a.RequestMappingHandlerMapping - Mapped "{[/rpc/dzjk/query/userInfo]}" onto public java.lang.String com.dzjk.ams.web.controller.RpcController.userInfo(com.dzjk.ams.facade.form.QueryReqForm,javax.servlet.http.HttpServletRequest) throws CommonException
2018-04-10 15:51:20.392 - INFO  o.s.w.s.m.m.a.RequestMappingHandlerMapping - Mapped "{[/rpc/dzjk/query/address]}" onto public java.util.Map<java.lang.String, java.lang.Object> com.dzjk.ams.web.controller.RpcController.queryAddr(java.lang.String,javax.servlet.http.HttpServletRequest) throws CommonException,java.io.IOException
2018-04-10 15:51:20.392 - INFO  o.s.w.s.m.m.a.RequestMappingHandlerMapping - Mapped "{[/rpc/dzjk/query/redis]}" onto public java.lang.String com.dzjk.ams.web.controller.RpcController.queryRedis(com.dzjk.ams.facade.form.QueryReqForm,javax.servlet.http.HttpServletRequest) throws CommonException,java.io.IOException
2018-04-10 15:51:20.394 - INFO  o.s.w.s.m.m.a.RequestMappingHandlerMapping - Mapped "{[/rpc/ams/query/redis]}" onto public java.lang.String com.dzjk.ams.web.controller.RpcController.uniqueLoadAll()
2018-04-10 15:51:20.394 - INFO  o.s.w.s.m.m.a.RequestMappingHandlerMapping - Mapped "{[/rpc/ams/create/accounting]}" onto public com.dzjk.ams.facade.base.DefaultFacadeResp com.dzjk.ams.web.controller.RpcController.testSplitTable(java.lang.String,javax.servlet.http.HttpServletRequest)
2018-04-10 15:51:20.394 - INFO  o.s.w.s.m.m.a.RequestMappingHandlerMapping - Mapped "{[/rpc/dzjk/query/mq]}" onto public com.dzjk.ams.facade.base.RestSampleFacadeResp<com.dzjk.ams.facade.model.MqMessage> com.dzjk.ams.web.controller.RpcController.queryMq() throws java.lang.Exception
2018-04-10 15:51:20.401 - INFO  o.s.w.s.m.m.a.RequestMappingHandlerMapping - Mapped "{[/error]}" onto public org.springframework.http.ResponseEntity<java.util.Map<java.lang.String, java.lang.Object>> org.springframework.boot.autoconfigure.web.BasicErrorController.error(javax.servlet.http.HttpServletRequest)
2018-04-10 15:51:20.401 - INFO  o.s.w.s.m.m.a.RequestMappingHandlerMapping - Mapped "{[/error],produces=[text/html]}" onto public org.springframework.web.servlet.ModelAndView org.springframework.boot.autoconfigure.web.BasicErrorController.errorHtml(javax.servlet.http.HttpServletRequest,javax.servlet.http.HttpServletResponse)
2018-04-10 15:51:20.575 - INFO  o.s.w.s.m.m.a.RequestMappingHandlerAdapter - Looking for @ControllerAdvice: org.springframework.boot.context.embedded.AnnotationConfigEmbeddedWebApplicationContext@7e90ef35: startup date [Tue Apr 10 15:49:43 CST 2018]; root of context hierarchy
2018-04-10 15:51:21.066 - INFO  o.s.w.s.m.m.a.RequestMappingHandlerAdapter - Looking for @ControllerAdvice: org.springframework.boot.context.embedded.AnnotationConfigEmbeddedWebApplicationContext@7e90ef35: startup date [Tue Apr 10 15:49:43 CST 2018]; root of context hierarchy
2018-04-10 15:51:21.480 - INFO  o.s.w.s.m.m.a.RequestMappingHandlerAdapter - Looking for @ControllerAdvice: org.springframework.boot.context.embedded.AnnotationConfigEmbeddedWebApplicationContext@7e90ef35: startup date [Tue Apr 10 15:49:43 CST 2018]; root of context hierarchy
2018-04-10 15:51:21.501 - INFO  o.s.w.s.m.m.a.RequestMappingHandlerMapping - Mapped "{[/account/createAccount]}" onto public java.lang.Object com.dzjk.ams.web.controller.account.accountController.createAccount(com.dzjk.ams.facade.form.account.CreateAccountReqFormTest,javax.servlet.http.HttpServletRequest)
2018-04-10 15:51:21.502 - INFO  o.s.w.s.m.m.a.RequestMappingHandlerMapping - Mapped "{[/account/accountTrial]}" onto public java.lang.Object com.dzjk.ams.web.controller.account.accountController.accountTrial(com.dzjk.ams.facade.form.account.AccountTrialReqForm,javax.servlet.http.HttpServletRequest)
2018-04-10 15:51:21.502 - INFO  o.s.w.s.m.m.a.RequestMappingHandlerMapping - Mapped "{[/account/queryAccount]}" onto public java.lang.Object com.dzjk.ams.web.controller.account.accountController.queryAccount(com.dzjk.ams.facade.form.account.QueryAccountReqForm,javax.servlet.http.HttpServletRequest) throws CommonException
2018-04-10 15:51:21.503 - INFO  o.s.w.s.m.m.a.RequestMappingHandlerMapping - Mapped "{[/account/queryRepayPlan]}" onto public java.lang.Object com.dzjk.ams.web.controller.account.accountController.queryRepayPlan(com.dzjk.ams.facade.form.account.QueryRepayPlanReqForm,javax.servlet.http.HttpServletRequest)
2018-04-10 15:51:21.503 - INFO  o.s.w.s.m.m.a.RequestMappingHandlerMapping - Mapped "{[/account/prePrpayTry]}" onto public java.lang.Object com.dzjk.ams.web.controller.account.accountController.preRepayTry(com.dzjk.ams.facade.form.account.PreRepayTryReqForm,javax.servlet.http.HttpServletRequest)
2018-04-10 15:51:21.503 - INFO  o.s.w.s.m.m.a.RequestMappingHandlerMapping - Mapped "{[/account/manualRepay]}" onto public java.lang.Object com.dzjk.ams.web.controller.account.accountController.manualRepay(com.dzjk.ams.facade.form.account.ManualRepayReqForm,javax.servlet.http.HttpServletRequest)
2018-04-10 15:51:21.503 - INFO  o.s.w.s.m.m.a.RequestMappingHandlerMapping - Mapped "{[/account/accountUpdate]}" onto public java.lang.Object com.dzjk.ams.web.controller.account.accountController.accountUpdate(com.dzjk.ams.facade.form.account.AccountUpdateReqForm,javax.servlet.http.HttpServletRequest)
2018-04-10 15:51:21.504 - INFO  o.s.w.s.m.m.a.RequestMappingHandlerMapping - Mapped "{[/account/queryPlatEarnings]}" onto public java.lang.Object com.dzjk.ams.web.controller.account.accountController.queryPlatEarnings(com.dzjk.ams.facade.form.account.QueryPlatEarningsReqForm,javax.servlet.http.HttpServletRequest)
2018-04-10 15:51:21.504 - INFO  o.s.w.s.m.m.a.RequestMappingHandlerMapping - Mapped "{[/account/queryAccountStatus]}" onto public java.lang.Object com.dzjk.ams.web.controller.account.accountController.queryAccountStatus(com.dzjk.ams.facade.form.account.QueryAccountStatusReqForm,javax.servlet.http.HttpServletRequest)
2018-04-10 15:51:21.506 - INFO  o.s.w.s.m.m.a.RequestMappingHandlerMapping - Mapped "{[/rpc/dzjk/query]}" onto public java.lang.String com.dzjk.ams.web.controller.RpcController.query(com.dzjk.ams.facade.form.QueryReqForm,javax.servlet.http.HttpServletRequest) throws CommonException
2018-04-10 15:51:21.507 - INFO  o.s.w.s.m.m.a.RequestMappingHandlerMapping - Mapped "{[/rpc/dzjk/query/userInfo]}" onto public java.lang.String com.dzjk.ams.web.controller.RpcController.userInfo(com.dzjk.ams.facade.form.QueryReqForm,javax.servlet.http.HttpServletRequest) throws CommonException
2018-04-10 15:51:21.507 - INFO  o.s.w.s.m.m.a.RequestMappingHandlerMapping - Mapped "{[/rpc/dzjk/query/address]}" onto public java.util.Map<java.lang.String, java.lang.Object> com.dzjk.ams.web.controller.RpcController.queryAddr(java.lang.String,javax.servlet.http.HttpServletRequest) throws CommonException,java.io.IOException
2018-04-10 15:51:21.507 - INFO  o.s.w.s.m.m.a.RequestMappingHandlerMapping - Mapped "{[/rpc/dzjk/query/redis]}" onto public java.lang.String com.dzjk.ams.web.controller.RpcController.queryRedis(com.dzjk.ams.facade.form.QueryReqForm,javax.servlet.http.HttpServletRequest) throws CommonException,java.io.IOException
2018-04-10 15:51:21.508 - INFO  o.s.w.s.m.m.a.RequestMappingHandlerMapping - Mapped "{[/rpc/ams/query/redis]}" onto public java.lang.String com.dzjk.ams.web.controller.RpcController.uniqueLoadAll()
2018-04-10 15:51:21.508 - INFO  o.s.w.s.m.m.a.RequestMappingHandlerMapping - Mapped "{[/rpc/ams/create/accounting]}" onto public com.dzjk.ams.facade.base.DefaultFacadeResp com.dzjk.ams.web.controller.RpcController.testSplitTable(java.lang.String,javax.servlet.http.HttpServletRequest)
2018-04-10 15:51:21.508 - INFO  o.s.w.s.m.m.a.RequestMappingHandlerMapping - Mapped "{[/rpc/dzjk/query/mq]}" onto public com.dzjk.ams.facade.base.RestSampleFacadeResp<com.dzjk.ams.facade.model.MqMessage> com.dzjk.ams.web.controller.RpcController.queryMq() throws java.lang.Exception
2018-04-10 15:51:21.512 - INFO  o.s.w.s.m.m.a.RequestMappingHandlerMapping - Mapped "{[/error]}" onto public org.springframework.http.ResponseEntity<java.util.Map<java.lang.String, java.lang.Object>> org.springframework.boot.autoconfigure.web.BasicErrorController.error(javax.servlet.http.HttpServletRequest)
2018-04-10 15:51:21.512 - INFO  o.s.w.s.m.m.a.RequestMappingHandlerMapping - Mapped "{[/error],produces=[text/html]}" onto public org.springframework.web.servlet.ModelAndView org.springframework.boot.autoconfigure.web.BasicErrorController.errorHtml(javax.servlet.http.HttpServletRequest,javax.servlet.http.HttpServletResponse)
2018-04-10 15:51:21.576 - INFO  o.s.web.servlet.handler.SimpleUrlHandlerMapping - Mapped URL path [/webjars/**] onto handler of type [class org.springframework.web.servlet.resource.ResourceHttpRequestHandler]
2018-04-10 15:51:21.576 - INFO  o.s.web.servlet.handler.SimpleUrlHandlerMapping - Mapped URL path [/**] onto handler of type [class org.springframework.web.servlet.resource.ResourceHttpRequestHandler]
2018-04-10 15:51:21.651 - INFO  o.s.web.servlet.handler.SimpleUrlHandlerMapping - Mapped URL path [/**/favicon.ico] onto handler of type [class org.springframework.web.servlet.resource.ResourceHttpRequestHandler]
2018-04-10 15:51:21.831 - INFO  o.s.b.a.w.WebMvcAutoConfiguration$WelcomePageHandlerMapping - Adding welcome page: class path resource [static/index.html]
2018-04-10 15:51:25.076 - INFO  o.s.web.servlet.view.velocity.VelocityConfigurer - ClasspathResourceLoader with name 'springMacro' added to configured VelocityEngine
2018-04-10 15:51:25.103 - INFO  o.springframework.ui.velocity.SpringResourceLoader - SpringResourceLoader for Velocity: using resource loader [org.springframework.boot.context.embedded.AnnotationConfigEmbeddedWebApplicationContext@7e90ef35: startup date [Tue Apr 10 15:49:43 CST 2018]; root of context hierarchy] and resource loader paths [classpath:/templates/]
2018-04-10 15:51:25.643 - INFO  o.s.jmx.export.annotation.AnnotationMBeanExporter - Registering beans for JMX exposure on startup
2018-04-10 15:51:25.647 - INFO  o.s.jmx.export.annotation.AnnotationMBeanExporter - Bean with name 'ams.dataSource' has been autodetected for JMX exposure
2018-04-10 15:51:25.665 - INFO  o.s.jmx.export.annotation.AnnotationMBeanExporter - Located MBean 'ams.dataSource': registering with JMX server as MBean [com.alibaba.druid.pool:name=ams.dataSource,type=DruidDataSource]
2018-04-10 15:51:48.439 - INFO  c.t.notify.remotingservice.DefaultRemotingService - [com.taobao.notify.remotingservice.DefaultRemotingService]
Broker Address Manager: Size of the Broker Address Listeners is 2
2018-04-10 15:51:48.440 - INFO  c.t.n.remotingservice.responsitory.NewUrlManager - [com.taobao.notify.remotingservice.responsitory.NewUrlManager]
serverUrlResponsitory size is:0
2018-04-10 15:51:48.440 - INFO  c.t.n.remotingservice.responsitory.NewUrlManager - [com.taobao.notify.remotingservice.responsitory.NewUrlManager]
serverUrlResponsitory is:{}
2018-04-10 15:51:48.440 - INFO  c.t.n.remotingservice.responsitory.NewUrlManager - [com.taobao.notify.remotingservice.responsitory.NewUrlManager]
serverUrlResponsitory AllUrls are:[]
2018-04-10 15:51:48.440 - INFO  c.t.n.remotingservice.responsitory.NewUrlManager - [com.taobao.notify.remotingservice.responsitory.NewUrlManager]
controlInfoResponsitory size is:0
2018-04-10 15:51:48.440 - INFO  c.t.n.remotingservice.responsitory.NewUrlManager - [com.taobao.notify.remotingservice.responsitory.NewUrlManager]
controlInfoResponsitory is:{}
2018-04-10 15:51:48.440 - INFO  c.t.n.remotingservice.responsitory.NewUrlManager - [com.taobao.notify.remotingservice.responsitory.NewUrlManager]
groupOfTopics is:{NS_Pub_Servers_^6X7QISWPLLCZ$TP_AMS=[^6X7QISWPLLCZ$P_ams_mq], NS_Sub_Servers_^6X7QISWPLLCZ$TP_AMS=[^6X7QISWPLLCZ$S_ams_mq]}
2018-04-10 15:51:48.440 - INFO  c.t.n.remotingservice.responsitory.NewUrlManager - [com.taobao.notify.remotingservice.responsitory.NewUrlManager]
all urls: null
2018-04-10 15:51:48.495 - INFO  com.taobao.notify.client.impl.DefaultNotifyClient - [com.taobao.notify.client.impl.DefaultNotifyClient]
Bindings [groupId [^6X7QISWPLLCZ$S_ams_mq] Topic [^6X7QISWPLLCZ$TP_AMS] [
[Binding topic=`^6X7QISWPLLCZ$TP_AMS` key=`EC_AMS` exchangeType=`DIRECT` waterMark=`-1` group=`^6X7QISWPLLCZ$S_ams_mq` persistence=`true` ]
]]
2018-04-10 15:51:51.617 - INFO  com.alipay.sofa.common.log - Sofa-Middleware-Log SLF4J : Actual binding is of type [ com.alipay.boot.rpc Logback ]
2018-04-10 15:51:51.660 - INFO  org.apache.coyote.http11.Http11NioProtocol - Initializing ProtocolHandler ["http-nio-8090"]
2018-04-10 15:51:51.718 - INFO  org.apache.coyote.http11.Http11NioProtocol - Starting ProtocolHandler [http-nio-8090]
2018-04-10 15:51:51.719 - INFO  org.apache.tomcat.util.net.NioSelectorPool - Using a shared selector for servlet write/read
2018-04-10 15:51:51.748 - INFO  o.s.b.c.e.tomcat.TomcatEmbeddedServletContainer - Tomcat started on port(s): 8090 (http)
2018-04-10 15:51:51.757 - INFO  Slite2WebSpringBootApplication - Started Slite2WebSpringBootApplication in 131.497 seconds (JVM running for 143.359)
2018-04-10 15:51:51.757 - INFO  Slite2WebSpringBootApplication - Started Slite2WebSpringBootApplication in 131.497 seconds (JVM running for 143.359)
2018-04-10 15:52:07.190 - INFO  o.a.c.core.ContainerBase.[Tomcat].[localhost].[/] - Initializing Spring FrameworkServlet 'dispatcherServlet'
2018-04-10 15:52:07.190 - INFO  org.springframework.web.servlet.DispatcherServlet - FrameworkServlet 'dispatcherServlet': initialization started
2018-04-10 15:52:07.248 - INFO  org.springframework.web.servlet.DispatcherServlet - FrameworkServlet 'dispatcherServlet': initialization completed in 56 ms
2018-04-10 15:52:18.681 -ams-thread-1523346727309774d0b INFO  c.d.a.e.action.account.AccountFacadeRestImpl - 账务变更request:com.dzjk.ams.facade.form.account.AccountUpdateReqForm@23722dbb[userName=<null>,idType=<null>,idNo=<null>,userId=<null>,orgId=1000,boId=333334,applyDate=<null>,applyTime=<null>,applyUpdateType=7,details=<null>,periodNum=1,retCode=1,payAmt=<null>,extFields={}]
2018-04-10 15:52:18.681 -ams-thread-1523346727309774d0b INFO  c.d.a.e.action.account.AccountFacadeRestImpl - 账务变更request:com.dzjk.ams.facade.form.account.AccountUpdateReqForm@23722dbb[userName=<null>,idType=<null>,idNo=<null>,userId=<null>,orgId=1000,boId=333334,applyDate=<null>,applyTime=<null>,applyUpdateType=7,details=<null>,periodNum=1,retCode=1,payAmt=<null>,extFields={}]
2018-04-10 15:52:27.240 -ams-thread-1523346727309774d0b INFO  c.d.a.e.action.account.AccountFacadeRestImpl - 账务变更返回:ResponseData{return_code='999999', return_msg='未知错误', data=null}
2018-04-10 15:52:27.240 -ams-thread-1523346727309774d0b INFO  c.d.a.e.action.account.AccountFacadeRestImpl - 账务变更返回:ResponseData{return_code='999999', return_msg='未知错误', data=null}
2018-04-10 15:54:46.741 -ams-thread-15233468862039b748a INFO  c.d.a.e.action.account.AccountFacadeRestImpl - 账务变更request:com.dzjk.ams.facade.form.account.AccountUpdateReqForm@2fc18b09[userName=<null>,idType=<null>,idNo=<null>,userId=<null>,orgId=1000,boId=333334,applyDate=<null>,applyTime=<null>,applyUpdateType=7,details=<null>,periodNum=1,retCode=1,payAmt=<null>,extFields={}]
2018-04-10 15:54:46.741 -ams-thread-15233468862039b748a INFO  c.d.a.e.action.account.AccountFacadeRestImpl - 账务变更request:com.dzjk.ams.facade.form.account.AccountUpdateReqForm@2fc18b09[userName=<null>,idType=<null>,idNo=<null>,userId=<null>,orgId=1000,boId=333334,applyDate=<null>,applyTime=<null>,applyUpdateType=7,details=<null>,periodNum=1,retCode=1,payAmt=<null>,extFields={}]
2018-04-10 15:55:10.887 -ams-thread-15233468862039b748a INFO  c.d.a.e.action.account.AccountFacadeRestImpl - 账务变更返回:ResponseData{return_code='000000', return_msg='成功', data=com.dzjk.ams.facade.form.account.AccountUpdateRespForm@5f58ec4b[updateStatus=1,extFields={}]}
2018-04-10 15:55:10.887 -ams-thread-15233468862039b748a INFO  c.d.a.e.action.account.AccountFacadeRestImpl - 账务变更返回:ResponseData{return_code='000000', return_msg='成功', data=com.dzjk.ams.facade.form.account.AccountUpdateRespForm@5f58ec4b[updateStatus=1,extFields={}]}
2018-04-10 15:55:36.383 -ams-thread-152334693612097a5ec INFO  c.d.a.e.action.account.AccountFacadeRestImpl - 账务变更request:com.dzjk.ams.facade.form.account.AccountUpdateReqForm@6727139a[userName=<null>,idType=<null>,idNo=<null>,userId=<null>,orgId=1000,boId=333334,applyDate=<null>,applyTime=<null>,applyUpdateType=7,details=<null>,periodNum=1,retCode=1,payAmt=<null>,extFields={}]
2018-04-10 15:55:36.383 -ams-thread-152334693612097a5ec INFO  c.d.a.e.action.account.AccountFacadeRestImpl - 账务变更request:com.dzjk.ams.facade.form.account.AccountUpdateReqForm@6727139a[userName=<null>,idType=<null>,idNo=<null>,userId=<null>,orgId=1000,boId=333334,applyDate=<null>,applyTime=<null>,applyUpdateType=7,details=<null>,periodNum=1,retCode=1,payAmt=<null>,extFields={}]
2018-04-10 15:55:36.872 -ams-thread-152334693612097a5ec INFO  c.d.a.e.action.account.AccountFacadeRestImpl - 账务变更返回:ResponseData{return_code='000015', return_msg='已正常还款结清,不能重复扣款', data=null}
2018-04-10 15:55:36.872 -ams-thread-152334693612097a5ec INFO  c.d.a.e.action.account.AccountFacadeRestImpl - 账务变更返回:ResponseData{return_code='000015', return_msg='已正常还款结清,不能重复扣款', data=null}
2018-04-10 15:56:37.329 -ams-thread-1523346997261c27af3 INFO  c.d.a.e.action.account.AccountFacadeRestImpl - 账务变更request:com.dzjk.ams.facade.form.account.AccountUpdateReqForm@30fb9dce[userName=<null>,idType=<null>,idNo=<null>,userId=<null>,orgId=1000,boId=333334,applyDate=<null>,applyTime=<null>,applyUpdateType=7,details=<null>,periodNum=1,retCode=0,payAmt=<null>,extFields={}]
2018-04-10 15:56:37.329 -ams-thread-1523346997261c27af3 INFO  c.d.a.e.action.account.AccountFacadeRestImpl - 账务变更request:com.dzjk.ams.facade.form.account.AccountUpdateReqForm@30fb9dce[userName=<null>,idType=<null>,idNo=<null>,userId=<null>,orgId=1000,boId=333334,applyDate=<null>,applyTime=<null>,applyUpdateType=7,details=<null>,periodNum=1,retCode=0,payAmt=<null>,extFields={}]
2018-04-10 15:56:37.433 -ams-thread-1523346997261c27af3 INFO  c.d.a.e.action.account.AccountFacadeRestImpl - 账务变更返回:ResponseData{return_code='000015', return_msg='已正常还款结清,不能重复扣款', data=null}
2018-04-10 15:56:37.433 -ams-thread-1523346997261c27af3 INFO  c.d.a.e.action.account.AccountFacadeRestImpl - 账务变更返回:ResponseData{return_code='000015', return_msg='已正常还款结清,不能重复扣款', data=null}
2018-04-10 16:28:20.854 -ams-thread-1523348900835b46426 INFO  c.d.a.e.action.account.AccountFacadeRestImpl - 账务变更request:com.dzjk.ams.facade.form.account.AccountUpdateReqForm@16d80199[userName=<null>,idType=<null>,idNo=<null>,userId=<null>,orgId=1000,boId=333334,applyDate=<null>,applyTime=<null>,applyUpdateType=7,details=<null>,periodNum=1,retCode=0,payAmt=<null>,extFields={}]
2018-04-10 16:28:20.854 -ams-thread-1523348900835b46426 INFO  c.d.a.e.action.account.AccountFacadeRestImpl - 账务变更request:com.dzjk.ams.facade.form.account.AccountUpdateReqForm@16d80199[userName=<null>,idType=<null>,idNo=<null>,userId=<null>,orgId=1000,boId=333334,applyDate=<null>,applyTime=<null>,applyUpdateType=7,details=<null>,periodNum=1,retCode=0,payAmt=<null>,extFields={}]
2018-04-10 16:28:21.090 -ams-thread-1523348900835b46426 INFO  c.d.a.e.action.account.AccountFacadeRestImpl - 账务变更返回:ResponseData{return_code='000000', return_msg='成功', data=com.dzjk.ams.facade.form.account.AccountUpdateRespForm@6b979a41[updateStatus=1,extFields={}]}
2018-04-10 16:28:21.090 -ams-thread-1523348900835b46426 INFO  c.d.a.e.action.account.AccountFacadeRestImpl - 账务变更返回:ResponseData{return_code='000000', return_msg='成功', data=com.dzjk.ams.facade.form.account.AccountUpdateRespForm@6b979a41[updateStatus=1,extFields={}]}
2018-04-10 16:29:04.911 -ams-thread-1523348944891e78b7e INFO  c.d.a.e.action.account.AccountFacadeRestImpl - 账务变更request:com.dzjk.ams.facade.form.account.AccountUpdateReqForm@19bd815c[userName=<null>,idType=<null>,idNo=<null>,userId=<null>,orgId=1000,boId=333334,applyDate=<null>,applyTime=<null>,applyUpdateType=7,details=<null>,periodNum=1,retCode=1,payAmt=<null>,extFields={}]
2018-04-10 16:29:04.911 -ams-thread-1523348944891e78b7e INFO  c.d.a.e.action.account.AccountFacadeRestImpl - 账务变更request:com.dzjk.ams.facade.form.account.AccountUpdateReqForm@19bd815c[userName=<null>,idType=<null>,idNo=<null>,userId=<null>,orgId=1000,boId=333334,applyDate=<null>,applyTime=<null>,applyUpdateType=7,details=<null>,periodNum=1,retCode=1,payAmt=<null>,extFields={}]
2018-04-10 16:29:15.827 -ams-thread-1523348944891e78b7e INFO  c.d.a.e.action.account.AccountFacadeRestImpl - 账务变更返回:ResponseData{return_code='000000', return_msg='成功', data=com.dzjk.ams.facade.form.account.AccountUpdateRespForm@5b496dbf[updateStatus=1,extFields={}]}
2018-04-10 16:29:15.827 -ams-thread-1523348944891e78b7e INFO  c.d.a.e.action.account.AccountFacadeRestImpl - 账务变更返回:ResponseData{return_code='000000', return_msg='成功', data=com.dzjk.ams.facade.form.account.AccountUpdateRespForm@5b496dbf[updateStatus=1,extFields={}]}
